{"/home/kw/Coding/CPSC310/project_team012/src/controller/IInsightFacade.js":{"path":"/home/kw/Coding/CPSC310/project_team012/src/controller/IInsightFacade.js","statementMap":{"0":{"start":{"line":2,"column":0},"end":{"line":2,"column":62}},"1":{"start":{"line":4,"column":0},"end":{"line":7,"column":89}},"2":{"start":{"line":5,"column":4},"end":{"line":5,"column":46}},"3":{"start":{"line":6,"column":4},"end":{"line":6,"column":42}},"4":{"start":{"line":10,"column":8},"end":{"line":10,"column":23}},"5":{"start":{"line":11,"column":8},"end":{"line":11,"column":52}},"6":{"start":{"line":14,"column":0},"end":{"line":14,"column":36}},"7":{"start":{"line":17,"column":8},"end":{"line":17,"column":23}},"8":{"start":{"line":18,"column":8},"end":{"line":18,"column":53}},"9":{"start":{"line":21,"column":0},"end":{"line":21,"column":38}},"10":{"start":{"line":24,"column":8},"end":{"line":24,"column":23}},"11":{"start":{"line":25,"column":8},"end":{"line":25,"column":59}},"12":{"start":{"line":28,"column":0},"end":{"line":28,"column":50}}},"fnMap":{"0":{"name":"(anonymous_0)","decl":{"start":{"line":4,"column":1},"end":{"line":4,"column":2}},"loc":{"start":{"line":4,"column":31},"end":{"line":7,"column":1}},"line":4},"1":{"name":"(anonymous_1)","decl":{"start":{"line":9,"column":4},"end":{"line":9,"column":5}},"loc":{"start":{"line":9,"column":25},"end":{"line":12,"column":5}},"line":9},"2":{"name":"(anonymous_2)","decl":{"start":{"line":16,"column":4},"end":{"line":16,"column":5}},"loc":{"start":{"line":16,"column":25},"end":{"line":19,"column":5}},"line":16},"3":{"name":"(anonymous_3)","decl":{"start":{"line":23,"column":4},"end":{"line":23,"column":5}},"loc":{"start":{"line":23,"column":25},"end":{"line":26,"column":5}},"line":23}},"branchMap":{"0":{"loc":{"start":{"line":7,"column":24},"end":{"line":7,"column":87}},"type":"binary-expr","locations":[{"start":{"line":7,"column":24},"end":{"line":7,"column":50}},{"start":{"line":7,"column":55},"end":{"line":7,"column":86}}],"line":7}},"s":{"0":1,"1":1,"2":1,"3":1,"4":364,"5":364,"6":1,"7":3,"8":3,"9":1,"10":4,"11":4,"12":1},"f":{"0":1,"1":364,"2":3,"3":4},"b":{"0":[1,1]},"_coverageSchema":"332fd63041d2c1bcb487cc26dd0d5f7d97098a6c","hash":"f2b0d4ca4c7859d6b45d9c063671c97857d189f0","contentHash":"f441d2b2b8b20c2d78a8fa36096cf42c_11.3.0"},"/home/kw/Coding/CPSC310/project_team012/src/controller/InsightFacade.js":{"path":"/home/kw/Coding/CPSC310/project_team012/src/controller/InsightFacade.js","statementMap":{"0":{"start":{"line":2,"column":0},"end":{"line":2,"column":62}},"1":{"start":{"line":3,"column":15},"end":{"line":3,"column":33}},"2":{"start":{"line":4,"column":25},"end":{"line":4,"column":52}},"3":{"start":{"line":5,"column":22},"end":{"line":5,"column":46}},"4":{"start":{"line":8,"column":8},"end":{"line":8,"column":58}},"5":{"start":{"line":9,"column":8},"end":{"line":9,"column":56}},"6":{"start":{"line":12,"column":8},"end":{"line":12,"column":60}},"7":{"start":{"line":15,"column":8},"end":{"line":15,"column":48}},"8":{"start":{"line":18,"column":26},"end":{"line":18,"column":67}},"9":{"start":{"line":19,"column":8},"end":{"line":19,"column":47}},"10":{"start":{"line":22,"column":8},"end":{"line":22,"column":45}},"11":{"start":{"line":25,"column":0},"end":{"line":25,"column":32}}},"fnMap":{"0":{"name":"(anonymous_0)","decl":{"start":{"line":7,"column":4},"end":{"line":7,"column":5}},"loc":{"start":{"line":7,"column":18},"end":{"line":10,"column":5}},"line":7},"1":{"name":"(anonymous_1)","decl":{"start":{"line":11,"column":4},"end":{"line":11,"column":5}},"loc":{"start":{"line":11,"column":34},"end":{"line":13,"column":5}},"line":11},"2":{"name":"(anonymous_2)","decl":{"start":{"line":14,"column":4},"end":{"line":14,"column":5}},"loc":{"start":{"line":14,"column":22},"end":{"line":16,"column":5}},"line":14},"3":{"name":"(anonymous_3)","decl":{"start":{"line":17,"column":4},"end":{"line":17,"column":5}},"loc":{"start":{"line":17,"column":24},"end":{"line":20,"column":5}},"line":17},"4":{"name":"(anonymous_4)","decl":{"start":{"line":21,"column":4},"end":{"line":21,"column":5}},"loc":{"start":{"line":21,"column":19},"end":{"line":23,"column":5}},"line":21}},"branchMap":{},"s":{"0":1,"1":1,"2":1,"3":1,"4":53,"5":53,"6":56,"7":20,"8":157,"9":157,"10":25,"11":1},"f":{"0":53,"1":56,"2":20,"3":157,"4":25},"b":{},"_coverageSchema":"332fd63041d2c1bcb487cc26dd0d5f7d97098a6c","hash":"4b5db14f303068a351c65fc701642295e7a7aa18","contentHash":"14bcab173d613d0d39cd6df28c9e978d_11.3.0"},"/home/kw/Coding/CPSC310/project_team012/src/Util.js":{"path":"/home/kw/Coding/CPSC310/project_team012/src/Util.js","statementMap":{"0":{"start":{"line":2,"column":0},"end":{"line":2,"column":62}},"1":{"start":{"line":5,"column":8},"end":{"line":5,"column":67}},"2":{"start":{"line":8,"column":8},"end":{"line":8,"column":68}},"3":{"start":{"line":11,"column":8},"end":{"line":11,"column":68}},"4":{"start":{"line":14,"column":8},"end":{"line":14,"column":69}},"5":{"start":{"line":17,"column":8},"end":{"line":17,"column":67}},"6":{"start":{"line":20,"column":0},"end":{"line":20,"column":22}}},"fnMap":{"0":{"name":"(anonymous_0)","decl":{"start":{"line":4,"column":4},"end":{"line":4,"column":5}},"loc":{"start":{"line":4,"column":25},"end":{"line":6,"column":5}},"line":4},"1":{"name":"(anonymous_1)","decl":{"start":{"line":7,"column":4},"end":{"line":7,"column":5}},"loc":{"start":{"line":7,"column":24},"end":{"line":9,"column":5}},"line":7},"2":{"name":"(anonymous_2)","decl":{"start":{"line":10,"column":4},"end":{"line":10,"column":5}},"loc":{"start":{"line":10,"column":24},"end":{"line":12,"column":5}},"line":10},"3":{"name":"(anonymous_3)","decl":{"start":{"line":13,"column":4},"end":{"line":13,"column":5}},"loc":{"start":{"line":13,"column":25},"end":{"line":15,"column":5}},"line":13},"4":{"name":"(anonymous_4)","decl":{"start":{"line":16,"column":4},"end":{"line":16,"column":5}},"loc":{"start":{"line":16,"column":24},"end":{"line":18,"column":5}},"line":16}},"branchMap":{},"s":{"0":1,"1":113,"2":9,"3":0,"4":2,"5":104,"6":1},"f":{"0":113,"1":9,"2":0,"3":2,"4":104},"b":{},"_coverageSchema":"332fd63041d2c1bcb487cc26dd0d5f7d97098a6c","hash":"c4f272de8d7f9d67408b66ed2db6027c1ee40fb1","contentHash":"6270d6a14f4d70fb3ef17b4abb7432d3_11.3.0"},"/home/kw/Coding/CPSC310/project_team012/src/controller/DatasetManager.js":{"path":"/home/kw/Coding/CPSC310/project_team012/src/controller/DatasetManager.js","statementMap":{"0":{"start":{"line":2,"column":0},"end":{"line":2,"column":62}},"1":{"start":{"line":3,"column":25},"end":{"line":3,"column":52}},"2":{"start":{"line":4,"column":17},"end":{"line":4,"column":36}},"3":{"start":{"line":5,"column":11},"end":{"line":5,"column":24}},"4":{"start":{"line":6,"column":13},"end":{"line":6,"column":28}},"5":{"start":{"line":7,"column":0},"end":{"line":7,"column":50}},"6":{"start":{"line":10,"column":8},"end":{"line":10,"column":34}},"7":{"start":{"line":11,"column":29},"end":{"line":11,"column":69}},"8":{"start":{"line":12,"column":8},"end":{"line":14,"column":9}},"9":{"start":{"line":13,"column":12},"end":{"line":13,"column":56}},"10":{"start":{"line":17,"column":8},"end":{"line":19,"column":9}},"11":{"start":{"line":18,"column":12},"end":{"line":18,"column":86}},"12":{"start":{"line":20,"column":8},"end":{"line":22,"column":9}},"13":{"start":{"line":21,"column":12},"end":{"line":21,"column":101}},"14":{"start":{"line":23,"column":23},"end":{"line":23,"column":45}},"15":{"start":{"line":24,"column":8},"end":{"line":33,"column":9}},"16":{"start":{"line":25,"column":12},"end":{"line":27,"column":13}},"17":{"start":{"line":26,"column":16},"end":{"line":26,"column":121}},"18":{"start":{"line":30,"column":12},"end":{"line":32,"column":13}},"19":{"start":{"line":31,"column":16},"end":{"line":31,"column":105}},"20":{"start":{"line":36,"column":8},"end":{"line":36,"column":53}},"21":{"start":{"line":39,"column":8},"end":{"line":46,"column":11}},"22":{"start":{"line":40,"column":25},"end":{"line":40,"column":65}},"23":{"start":{"line":41,"column":23},"end":{"line":41,"column":45}},"24":{"start":{"line":42,"column":23},"end":{"line":42,"column":35}},"25":{"start":{"line":43,"column":27},"end":{"line":43,"column":60}},"26":{"start":{"line":44,"column":12},"end":{"line":44,"column":45}},"27":{"start":{"line":45,"column":12},"end":{"line":45,"column":30}},"28":{"start":{"line":49,"column":8},"end":{"line":53,"column":11}},"29":{"start":{"line":50,"column":27},"end":{"line":50,"column":70}},"30":{"start":{"line":51,"column":12},"end":{"line":51,"column":36}},"31":{"start":{"line":52,"column":12},"end":{"line":52,"column":30}},"32":{"start":{"line":56,"column":8},"end":{"line":63,"column":11}},"33":{"start":{"line":57,"column":27},"end":{"line":57,"column":49}},"34":{"start":{"line":58,"column":24},"end":{"line":58,"column":26}},"35":{"start":{"line":59,"column":12},"end":{"line":61,"column":13}},"36":{"start":{"line":60,"column":16},"end":{"line":60,"column":60}},"37":{"start":{"line":62,"column":12},"end":{"line":62,"column":27}},"38":{"start":{"line":66,"column":8},"end":{"line":72,"column":11}},"39":{"start":{"line":67,"column":12},"end":{"line":67,"column":36}},"40":{"start":{"line":68,"column":12},"end":{"line":68,"column":37}},"41":{"start":{"line":69,"column":12},"end":{"line":71,"column":15}},"42":{"start":{"line":70,"column":16},"end":{"line":70,"column":28}},"43":{"start":{"line":75,"column":8},"end":{"line":85,"column":11}},"44":{"start":{"line":76,"column":12},"end":{"line":76,"column":37}},"45":{"start":{"line":77,"column":12},"end":{"line":84,"column":15}},"46":{"start":{"line":78,"column":16},"end":{"line":78,"column":47}},"47":{"start":{"line":79,"column":16},"end":{"line":79,"column":50}},"48":{"start":{"line":81,"column":16},"end":{"line":81,"column":58}},"49":{"start":{"line":83,"column":16},"end":{"line":83,"column":28}},"50":{"start":{"line":88,"column":8},"end":{"line":88,"column":48}},"51":{"start":{"line":91,"column":8},"end":{"line":91,"column":37}},"52":{"start":{"line":94,"column":8},"end":{"line":94,"column":57}},"53":{"start":{"line":97,"column":0},"end":{"line":97,"column":33}}},"fnMap":{"0":{"name":"(anonymous_0)","decl":{"start":{"line":9,"column":4},"end":{"line":9,"column":5}},"loc":{"start":{"line":9,"column":18},"end":{"line":15,"column":5}},"line":9},"1":{"name":"(anonymous_1)","decl":{"start":{"line":16,"column":4},"end":{"line":16,"column":5}},"loc":{"start":{"line":16,"column":25},"end":{"line":34,"column":5}},"line":16},"2":{"name":"(anonymous_2)","decl":{"start":{"line":35,"column":4},"end":{"line":35,"column":5}},"loc":{"start":{"line":35,"column":22},"end":{"line":37,"column":5}},"line":35},"3":{"name":"(anonymous_3)","decl":{"start":{"line":38,"column":4},"end":{"line":38,"column":5}},"loc":{"start":{"line":38,"column":26},"end":{"line":47,"column":5}},"line":38},"4":{"name":"(anonymous_4)","decl":{"start":{"line":39,"column":27},"end":{"line":39,"column":28}},"loc":{"start":{"line":39,"column":48},"end":{"line":46,"column":9}},"line":39},"5":{"name":"(anonymous_5)","decl":{"start":{"line":48,"column":4},"end":{"line":48,"column":5}},"loc":{"start":{"line":48,"column":30},"end":{"line":54,"column":5}},"line":48},"6":{"name":"(anonymous_6)","decl":{"start":{"line":49,"column":27},"end":{"line":49,"column":28}},"loc":{"start":{"line":49,"column":48},"end":{"line":53,"column":9}},"line":49},"7":{"name":"(anonymous_7)","decl":{"start":{"line":55,"column":4},"end":{"line":55,"column":5}},"loc":{"start":{"line":55,"column":19},"end":{"line":64,"column":5}},"line":55},"8":{"name":"(anonymous_8)","decl":{"start":{"line":56,"column":27},"end":{"line":56,"column":28}},"loc":{"start":{"line":56,"column":48},"end":{"line":63,"column":9}},"line":56},"9":{"name":"(anonymous_9)","decl":{"start":{"line":65,"column":4},"end":{"line":65,"column":5}},"loc":{"start":{"line":65,"column":22},"end":{"line":73,"column":5}},"line":65},"10":{"name":"(anonymous_10)","decl":{"start":{"line":66,"column":27},"end":{"line":66,"column":28}},"loc":{"start":{"line":66,"column":48},"end":{"line":72,"column":9}},"line":66},"11":{"name":"(anonymous_11)","decl":{"start":{"line":69,"column":48},"end":{"line":69,"column":49}},"loc":{"start":{"line":69,"column":54},"end":{"line":71,"column":13}},"line":69},"12":{"name":"(anonymous_12)","decl":{"start":{"line":74,"column":4},"end":{"line":74,"column":5}},"loc":{"start":{"line":74,"column":34},"end":{"line":86,"column":5}},"line":74},"13":{"name":"(anonymous_13)","decl":{"start":{"line":75,"column":27},"end":{"line":75,"column":28}},"loc":{"start":{"line":75,"column":48},"end":{"line":85,"column":9}},"line":75},"14":{"name":"(anonymous_14)","decl":{"start":{"line":77,"column":66},"end":{"line":77,"column":67}},"loc":{"start":{"line":77,"column":79},"end":{"line":80,"column":13}},"line":77},"15":{"name":"(anonymous_15)","decl":{"start":{"line":80,"column":20},"end":{"line":80,"column":21}},"loc":{"start":{"line":80,"column":29},"end":{"line":82,"column":13}},"line":80},"16":{"name":"(anonymous_16)","decl":{"start":{"line":82,"column":21},"end":{"line":82,"column":22}},"loc":{"start":{"line":82,"column":30},"end":{"line":84,"column":13}},"line":82},"17":{"name":"(anonymous_17)","decl":{"start":{"line":87,"column":4},"end":{"line":87,"column":5}},"loc":{"start":{"line":87,"column":20},"end":{"line":89,"column":5}},"line":87},"18":{"name":"(anonymous_18)","decl":{"start":{"line":90,"column":4},"end":{"line":90,"column":5}},"loc":{"start":{"line":90,"column":19},"end":{"line":92,"column":5}},"line":90},"19":{"name":"(anonymous_19)","decl":{"start":{"line":93,"column":4},"end":{"line":93,"column":5}},"loc":{"start":{"line":93,"column":26},"end":{"line":95,"column":5}},"line":93}},"branchMap":{"0":{"loc":{"start":{"line":17,"column":8},"end":{"line":19,"column":9}},"type":"if","locations":[{"start":{"line":17,"column":8},"end":{"line":19,"column":9}},{"start":{"line":17,"column":8},"end":{"line":19,"column":9}}],"line":17},"1":{"loc":{"start":{"line":17,"column":12},"end":{"line":17,"column":43}},"type":"binary-expr","locations":[{"start":{"line":17,"column":12},"end":{"line":17,"column":23}},{"start":{"line":17,"column":27},"end":{"line":17,"column":43}}],"line":17},"2":{"loc":{"start":{"line":20,"column":8},"end":{"line":22,"column":9}},"type":"if","locations":[{"start":{"line":20,"column":8},"end":{"line":22,"column":9}},{"start":{"line":20,"column":8},"end":{"line":22,"column":9}}],"line":20},"3":{"loc":{"start":{"line":24,"column":8},"end":{"line":33,"column":9}},"type":"if","locations":[{"start":{"line":24,"column":8},"end":{"line":33,"column":9}},{"start":{"line":24,"column":8},"end":{"line":33,"column":9}}],"line":24},"4":{"loc":{"start":{"line":25,"column":12},"end":{"line":27,"column":13}},"type":"if","locations":[{"start":{"line":25,"column":12},"end":{"line":27,"column":13}},{"start":{"line":25,"column":12},"end":{"line":27,"column":13}}],"line":25},"5":{"loc":{"start":{"line":30,"column":12},"end":{"line":32,"column":13}},"type":"if","locations":[{"start":{"line":30,"column":12},"end":{"line":32,"column":13}},{"start":{"line":30,"column":12},"end":{"line":32,"column":13}}],"line":30},"6":{"loc":{"start":{"line":94,"column":15},"end":{"line":94,"column":56}},"type":"binary-expr","locations":[{"start":{"line":94,"column":16},"end":{"line":94,"column":32}},{"start":{"line":94,"column":38},"end":{"line":94,"column":55}}],"line":94}},"s":{"0":1,"1":1,"2":1,"3":1,"4":1,"5":1,"6":53,"7":53,"8":53,"9":6,"10":76,"11":4,"12":72,"13":7,"14":65,"15":65,"16":15,"17":3,"18":50,"19":1,"20":65,"21":25,"22":25,"23":25,"24":25,"25":25,"26":25,"27":25,"28":12,"29":12,"30":12,"31":12,"32":25,"33":25,"34":25,"35":25,"36":17,"37":25,"38":20,"39":20,"40":12,"41":12,"42":12,"43":56,"44":56,"45":49,"46":25,"47":25,"48":25,"49":24,"50":154,"51":178,"52":753,"53":1},"f":{"0":53,"1":76,"2":65,"3":25,"4":25,"5":12,"6":12,"7":25,"8":25,"9":20,"10":20,"11":12,"12":56,"13":56,"14":25,"15":25,"16":24,"17":154,"18":178,"19":753},"b":{"0":[4,72],"1":[76,74],"2":[7,65],"3":[15,50],"4":[3,12],"5":[1,49],"6":[753,748]},"_coverageSchema":"332fd63041d2c1bcb487cc26dd0d5f7d97098a6c","hash":"7a18d49f59c05a5be99b85afaf3adc013ea6a55f","contentHash":"b4c1972e3735f31cadea502b3c0313a5_11.3.0"},"/home/kw/Coding/CPSC310/project_team012/src/controller/Parser.js":{"path":"/home/kw/Coding/CPSC310/project_team012/src/controller/Parser.js","statementMap":{"0":{"start":{"line":2,"column":0},"end":{"line":2,"column":62}},"1":{"start":{"line":3,"column":25},"end":{"line":3,"column":52}},"2":{"start":{"line":4,"column":18},"end":{"line":4,"column":45}},"3":{"start":{"line":5,"column":25},"end":{"line":5,"column":52}},"4":{"start":{"line":6,"column":11},"end":{"line":6,"column":24}},"5":{"start":{"line":7,"column":13},"end":{"line":7,"column":28}},"6":{"start":{"line":8,"column":25},"end":{"line":8,"column":52}},"7":{"start":{"line":9,"column":26},"end":{"line":9,"column":54}},"8":{"start":{"line":12,"column":23},"end":{"line":12,"column":64}},"9":{"start":{"line":13,"column":22},"end":{"line":13,"column":24}},"10":{"start":{"line":14,"column":8},"end":{"line":22,"column":9}},"11":{"start":{"line":15,"column":12},"end":{"line":21,"column":13}},"12":{"start":{"line":16,"column":33},"end":{"line":16,"column":75}},"13":{"start":{"line":17,"column":27},"end":{"line":17,"column":88}},"14":{"start":{"line":18,"column":16},"end":{"line":20,"column":17}},"15":{"start":{"line":19,"column":20},"end":{"line":19,"column":81}},"16":{"start":{"line":23,"column":8},"end":{"line":23,"column":23}},"17":{"start":{"line":26,"column":8},"end":{"line":33,"column":9}},"18":{"start":{"line":28,"column":16},"end":{"line":28,"column":88}},"19":{"start":{"line":30,"column":16},"end":{"line":30,"column":88}},"20":{"start":{"line":32,"column":16},"end":{"line":32,"column":107}},"21":{"start":{"line":36,"column":0},"end":{"line":36,"column":25}}},"fnMap":{"0":{"name":"(anonymous_0)","decl":{"start":{"line":11,"column":4},"end":{"line":11,"column":5}},"loc":{"start":{"line":11,"column":35},"end":{"line":24,"column":5}},"line":11},"1":{"name":"(anonymous_1)","decl":{"start":{"line":25,"column":4},"end":{"line":25,"column":5}},"loc":{"start":{"line":25,"column":43},"end":{"line":34,"column":5}},"line":25}},"branchMap":{"0":{"loc":{"start":{"line":15,"column":12},"end":{"line":21,"column":13}},"type":"if","locations":[{"start":{"line":15,"column":12},"end":{"line":21,"column":13}},{"start":{"line":15,"column":12},"end":{"line":21,"column":13}}],"line":15},"1":{"loc":{"start":{"line":18,"column":16},"end":{"line":20,"column":17}},"type":"if","locations":[{"start":{"line":18,"column":16},"end":{"line":20,"column":17}},{"start":{"line":18,"column":16},"end":{"line":20,"column":17}}],"line":18},"2":{"loc":{"start":{"line":26,"column":8},"end":{"line":33,"column":9}},"type":"switch","locations":[{"start":{"line":27,"column":12},"end":{"line":28,"column":88}},{"start":{"line":29,"column":12},"end":{"line":30,"column":88}},{"start":{"line":31,"column":12},"end":{"line":32,"column":107}}],"line":26}},"s":{"0":1,"1":1,"2":1,"3":1,"4":1,"5":1,"6":1,"7":1,"8":53,"9":53,"10":53,"11":59,"12":6,"13":6,"14":6,"15":6,"16":53,"17":49,"18":24,"19":21,"20":4,"21":1},"f":{"0":53,"1":49},"b":{"0":[6,53],"1":[6,0],"2":[24,21,4]},"_coverageSchema":"332fd63041d2c1bcb487cc26dd0d5f7d97098a6c","hash":"d53a97f19154e2de5d1c5f0aeb50a5fd965906ee","contentHash":"654f4354dc45e32c6c8ac365466b4d4b_11.3.0"},"/home/kw/Coding/CPSC310/project_team012/src/model/Dataset.js":{"path":"/home/kw/Coding/CPSC310/project_team012/src/model/Dataset.js","statementMap":{"0":{"start":{"line":2,"column":0},"end":{"line":2,"column":62}},"1":{"start":{"line":3,"column":25},"end":{"line":3,"column":64}},"2":{"start":{"line":4,"column":18},"end":{"line":4,"column":38}},"3":{"start":{"line":5,"column":25},"end":{"line":5,"column":64}},"4":{"start":{"line":6,"column":15},"end":{"line":6,"column":32}},"5":{"start":{"line":8,"column":4},"end":{"line":10,"column":62}},"6":{"start":{"line":12,"column":0},"end":{"line":12,"column":42}},"7":{"start":{"line":15,"column":17},"end":{"line":15,"column":48}},"8":{"start":{"line":16,"column":8},"end":{"line":29,"column":9}},"9":{"start":{"line":17,"column":12},"end":{"line":21,"column":13}},"10":{"start":{"line":18,"column":16},"end":{"line":20,"column":17}},"11":{"start":{"line":19,"column":20},"end":{"line":19,"column":82}},"12":{"start":{"line":24,"column":12},"end":{"line":28,"column":13}},"13":{"start":{"line":25,"column":16},"end":{"line":27,"column":17}},"14":{"start":{"line":26,"column":20},"end":{"line":26,"column":73}},"15":{"start":{"line":30,"column":8},"end":{"line":30,"column":18}},"16":{"start":{"line":33,"column":8},"end":{"line":33,"column":21}},"17":{"start":{"line":34,"column":8},"end":{"line":34,"column":25}},"18":{"start":{"line":35,"column":8},"end":{"line":35,"column":23}},"19":{"start":{"line":38,"column":8},"end":{"line":38,"column":23}},"20":{"start":{"line":41,"column":8},"end":{"line":41,"column":25}},"21":{"start":{"line":44,"column":8},"end":{"line":44,"column":29}},"22":{"start":{"line":47,"column":8},"end":{"line":47,"column":75}},"23":{"start":{"line":50,"column":8},"end":{"line":50,"column":32}},"24":{"start":{"line":53,"column":8},"end":{"line":57,"column":10}},"25":{"start":{"line":60,"column":8},"end":{"line":60,"column":25}},"26":{"start":{"line":63,"column":0},"end":{"line":63,"column":26}}},"fnMap":{"0":{"name":"isValidIDataset","decl":{"start":{"line":7,"column":9},"end":{"line":7,"column":24}},"loc":{"start":{"line":7,"column":30},"end":{"line":11,"column":1}},"line":7},"1":{"name":"(anonymous_1)","decl":{"start":{"line":14,"column":4},"end":{"line":14,"column":5}},"loc":{"start":{"line":14,"column":40},"end":{"line":31,"column":5}},"line":14},"2":{"name":"(anonymous_2)","decl":{"start":{"line":32,"column":4},"end":{"line":32,"column":5}},"loc":{"start":{"line":32,"column":26},"end":{"line":36,"column":5}},"line":32},"3":{"name":"(anonymous_3)","decl":{"start":{"line":37,"column":4},"end":{"line":37,"column":5}},"loc":{"start":{"line":37,"column":12},"end":{"line":39,"column":5}},"line":37},"4":{"name":"(anonymous_4)","decl":{"start":{"line":40,"column":4},"end":{"line":40,"column":5}},"loc":{"start":{"line":40,"column":14},"end":{"line":42,"column":5}},"line":40},"5":{"name":"(anonymous_5)","decl":{"start":{"line":43,"column":4},"end":{"line":43,"column":5}},"loc":{"start":{"line":43,"column":18},"end":{"line":45,"column":5}},"line":43},"6":{"name":"(anonymous_6)","decl":{"start":{"line":46,"column":4},"end":{"line":46,"column":5}},"loc":{"start":{"line":46,"column":28},"end":{"line":48,"column":5}},"line":46},"7":{"name":"(anonymous_7)","decl":{"start":{"line":49,"column":4},"end":{"line":49,"column":5}},"loc":{"start":{"line":49,"column":22},"end":{"line":51,"column":5}},"line":49},"8":{"name":"(anonymous_8)","decl":{"start":{"line":52,"column":4},"end":{"line":52,"column":5}},"loc":{"start":{"line":52,"column":23},"end":{"line":58,"column":5}},"line":52},"9":{"name":"(anonymous_9)","decl":{"start":{"line":59,"column":4},"end":{"line":59,"column":5}},"loc":{"start":{"line":59,"column":21},"end":{"line":61,"column":5}},"line":59}},"branchMap":{"0":{"loc":{"start":{"line":8,"column":11},"end":{"line":10,"column":61}},"type":"binary-expr","locations":[{"start":{"line":8,"column":12},"end":{"line":8,"column":32}},{"start":{"line":8,"column":38},"end":{"line":8,"column":64}},{"start":{"line":8,"column":70},"end":{"line":8,"column":113}},{"start":{"line":9,"column":9},"end":{"line":9,"column":31}},{"start":{"line":9,"column":37},"end":{"line":9,"column":106}},{"start":{"line":10,"column":9},"end":{"line":10,"column":31}},{"start":{"line":10,"column":37},"end":{"line":10,"column":60}}],"line":8},"1":{"loc":{"start":{"line":16,"column":8},"end":{"line":29,"column":9}},"type":"if","locations":[{"start":{"line":16,"column":8},"end":{"line":29,"column":9}},{"start":{"line":16,"column":8},"end":{"line":29,"column":9}}],"line":16},"2":{"loc":{"start":{"line":18,"column":16},"end":{"line":20,"column":17}},"type":"if","locations":[{"start":{"line":18,"column":16},"end":{"line":20,"column":17}},{"start":{"line":18,"column":16},"end":{"line":20,"column":17}}],"line":18},"3":{"loc":{"start":{"line":25,"column":16},"end":{"line":27,"column":17}},"type":"if","locations":[{"start":{"line":25,"column":16},"end":{"line":27,"column":17}},{"start":{"line":25,"column":16},"end":{"line":27,"column":17}}],"line":25}},"s":{"0":1,"1":1,"2":1,"3":1,"4":1,"5":6,"6":1,"7":6,"8":6,"9":3,"10":65725,"11":65725,"12":3,"13":1092,"14":1092,"15":6,"16":51,"17":51,"18":51,"19":6,"20":54,"21":782957,"22":17,"23":33,"24":25,"25":124,"26":1},"f":{"0":6,"1":6,"2":51,"3":6,"4":54,"5":782957,"6":17,"7":33,"8":25,"9":124},"b":{"0":[6,6,6,6,6,6,6],"1":[3,3],"2":[65725,0],"3":[1092,0]},"_coverageSchema":"332fd63041d2c1bcb487cc26dd0d5f7d97098a6c","hash":"75ff16eba2471d14e9d9b8be66f8b1cf8e2da127","contentHash":"7d99d6887cc2ccbfec6f2c3c4a402a1e_11.3.0"},"/home/kw/Coding/CPSC310/project_team012/src/model/Section.js":{"path":"/home/kw/Coding/CPSC310/project_team012/src/model/Section.js","statementMap":{"0":{"start":{"line":2,"column":0},"end":{"line":2,"column":62}},"1":{"start":{"line":3,"column":15},"end":{"line":3,"column":32}},"2":{"start":{"line":5,"column":4},"end":{"line":14,"column":71}},"3":{"start":{"line":16,"column":0},"end":{"line":16,"column":40}},"4":{"start":{"line":19,"column":8},"end":{"line":19,"column":172}},"5":{"start":{"line":22,"column":18},"end":{"line":22,"column":20}},"6":{"start":{"line":23,"column":8},"end":{"line":46,"column":9}},"7":{"start":{"line":24,"column":12},"end":{"line":24,"column":47}},"8":{"start":{"line":25,"column":12},"end":{"line":25,"column":43}},"9":{"start":{"line":26,"column":12},"end":{"line":26,"column":45}},"10":{"start":{"line":27,"column":12},"end":{"line":27,"column":59}},"11":{"start":{"line":28,"column":12},"end":{"line":28,"column":49}},"12":{"start":{"line":29,"column":12},"end":{"line":29,"column":47}},"13":{"start":{"line":30,"column":12},"end":{"line":30,"column":47}},"14":{"start":{"line":31,"column":12},"end":{"line":31,"column":49}},"15":{"start":{"line":32,"column":12},"end":{"line":32,"column":47}},"16":{"start":{"line":33,"column":12},"end":{"line":33,"column":47}},"17":{"start":{"line":36,"column":12},"end":{"line":36,"column":36}},"18":{"start":{"line":37,"column":12},"end":{"line":37,"column":32}},"19":{"start":{"line":38,"column":12},"end":{"line":38,"column":34}},"20":{"start":{"line":39,"column":12},"end":{"line":39,"column":48}},"21":{"start":{"line":40,"column":12},"end":{"line":40,"column":38}},"22":{"start":{"line":41,"column":12},"end":{"line":41,"column":36}},"23":{"start":{"line":42,"column":12},"end":{"line":42,"column":36}},"24":{"start":{"line":43,"column":12},"end":{"line":43,"column":38}},"25":{"start":{"line":44,"column":12},"end":{"line":44,"column":36}},"26":{"start":{"line":45,"column":12},"end":{"line":45,"column":36}},"27":{"start":{"line":47,"column":8},"end":{"line":47,"column":19}},"28":{"start":{"line":50,"column":8},"end":{"line":50,"column":16}},"29":{"start":{"line":51,"column":8},"end":{"line":51,"column":25}},"30":{"start":{"line":52,"column":8},"end":{"line":52,"column":21}},"31":{"start":{"line":53,"column":8},"end":{"line":53,"column":23}},"32":{"start":{"line":54,"column":8},"end":{"line":54,"column":37}},"33":{"start":{"line":55,"column":8},"end":{"line":55,"column":27}},"34":{"start":{"line":56,"column":8},"end":{"line":56,"column":25}},"35":{"start":{"line":57,"column":8},"end":{"line":57,"column":25}},"36":{"start":{"line":58,"column":8},"end":{"line":58,"column":27}},"37":{"start":{"line":59,"column":8},"end":{"line":59,"column":25}},"38":{"start":{"line":60,"column":8},"end":{"line":60,"column":25}},"39":{"start":{"line":63,"column":0},"end":{"line":63,"column":26}}},"fnMap":{"0":{"name":"isValidSection","decl":{"start":{"line":4,"column":9},"end":{"line":4,"column":23}},"loc":{"start":{"line":4,"column":29},"end":{"line":15,"column":1}},"line":4},"1":{"name":"(anonymous_1)","decl":{"start":{"line":18,"column":4},"end":{"line":18,"column":5}},"loc":{"start":{"line":18,"column":43},"end":{"line":20,"column":5}},"line":18},"2":{"name":"(anonymous_2)","decl":{"start":{"line":21,"column":4},"end":{"line":21,"column":5}},"loc":{"start":{"line":21,"column":32},"end":{"line":48,"column":5}},"line":21},"3":{"name":"(anonymous_3)","decl":{"start":{"line":49,"column":4},"end":{"line":49,"column":5}},"loc":{"start":{"line":49,"column":81},"end":{"line":61,"column":5}},"line":49}},"branchMap":{"0":{"loc":{"start":{"line":5,"column":12},"end":{"line":14,"column":69}},"type":"binary-expr","locations":[{"start":{"line":5,"column":13},"end":{"line":5,"column":33}},{"start":{"line":5,"column":39},"end":{"line":5,"column":65}},{"start":{"line":6,"column":12},"end":{"line":6,"column":34}},{"start":{"line":6,"column":40},"end":{"line":6,"column":68}},{"start":{"line":7,"column":12},"end":{"line":7,"column":33}},{"start":{"line":7,"column":39},"end":{"line":7,"column":66}},{"start":{"line":8,"column":12},"end":{"line":8,"column":40}},{"start":{"line":8,"column":46},"end":{"line":8,"column":80}},{"start":{"line":9,"column":12},"end":{"line":9,"column":35}},{"start":{"line":9,"column":41},"end":{"line":9,"column":70}},{"start":{"line":10,"column":12},"end":{"line":10,"column":34}},{"start":{"line":10,"column":40},"end":{"line":10,"column":68}},{"start":{"line":11,"column":12},"end":{"line":11,"column":34}},{"start":{"line":11,"column":40},"end":{"line":11,"column":68}},{"start":{"line":12,"column":12},"end":{"line":12,"column":35}},{"start":{"line":12,"column":41},"end":{"line":12,"column":70}},{"start":{"line":13,"column":12},"end":{"line":13,"column":34}},{"start":{"line":13,"column":40},"end":{"line":13,"column":68}},{"start":{"line":14,"column":12},"end":{"line":14,"column":34}},{"start":{"line":14,"column":40},"end":{"line":14,"column":68}}],"line":5},"1":{"loc":{"start":{"line":23,"column":8},"end":{"line":46,"column":9}},"type":"if","locations":[{"start":{"line":23,"column":8},"end":{"line":46,"column":9}},{"start":{"line":23,"column":8},"end":{"line":46,"column":9}}],"line":23}},"s":{"0":1,"1":1,"2":65725,"3":1,"4":65725,"5":2624378,"6":2624378,"7":263426,"8":263426,"9":263426,"10":263426,"11":263426,"12":263426,"13":263426,"14":263426,"15":263426,"16":263426,"17":2360952,"18":2360952,"19":2360952,"20":2360952,"21":2360952,"22":2360952,"23":2360952,"24":2360952,"25":2360952,"26":2360952,"27":2624378,"28":778586,"29":778586,"30":778586,"31":778586,"32":778586,"33":778586,"34":778586,"35":778586,"36":778586,"37":778586,"38":778586,"39":1},"f":{"0":65725,"1":65725,"2":2624378,"3":778586},"b":{"0":[65725,65725,65725,65725,65725,65725,65725,65725,65725,65725,65725,65725,65725,65725,65725,65725,65725,65725,65725,65725],"1":[263426,2360952]},"_coverageSchema":"332fd63041d2c1bcb487cc26dd0d5f7d97098a6c","hash":"97cd6070a0c9fffbb3b51e1e1c2bcb0e321039c6","contentHash":"f04369991db8541af456691f246d5ef1_11.3.0"},"/home/kw/Coding/CPSC310/project_team012/src/model/Data.js":{"path":"/home/kw/Coding/CPSC310/project_team012/src/model/Data.js","statementMap":{"0":{"start":{"line":2,"column":0},"end":{"line":2,"column":62}},"1":{"start":{"line":5,"column":0},"end":{"line":5,"column":20}}},"fnMap":{},"branchMap":{},"s":{"0":1,"1":1},"f":{},"b":{},"_coverageSchema":"332fd63041d2c1bcb487cc26dd0d5f7d97098a6c","hash":"b632b91d9df4fb7762272582b5237f1580fbeed5","contentHash":"cdaccac3fdc193419b429829e0136445_11.3.0"},"/home/kw/Coding/CPSC310/project_team012/src/model/Room.js":{"path":"/home/kw/Coding/CPSC310/project_team012/src/model/Room.js","statementMap":{"0":{"start":{"line":2,"column":0},"end":{"line":2,"column":62}},"1":{"start":{"line":3,"column":15},"end":{"line":3,"column":32}},"2":{"start":{"line":5,"column":4},"end":{"line":14,"column":68}},"3":{"start":{"line":16,"column":0},"end":{"line":16,"column":34}},"4":{"start":{"line":19,"column":8},"end":{"line":19,"column":147}},"5":{"start":{"line":22,"column":18},"end":{"line":22,"column":20}},"6":{"start":{"line":23,"column":8},"end":{"line":48,"column":9}},"7":{"start":{"line":24,"column":12},"end":{"line":24,"column":55}},"8":{"start":{"line":25,"column":12},"end":{"line":25,"column":52}},"9":{"start":{"line":26,"column":12},"end":{"line":26,"column":51}},"10":{"start":{"line":27,"column":12},"end":{"line":27,"column":67}},"11":{"start":{"line":28,"column":12},"end":{"line":28,"column":53}},"12":{"start":{"line":29,"column":12},"end":{"line":29,"column":45}},"13":{"start":{"line":30,"column":12},"end":{"line":30,"column":45}},"14":{"start":{"line":31,"column":12},"end":{"line":31,"column":49}},"15":{"start":{"line":32,"column":12},"end":{"line":32,"column":47}},"16":{"start":{"line":33,"column":12},"end":{"line":33,"column":57}},"17":{"start":{"line":34,"column":12},"end":{"line":34,"column":47}},"18":{"start":{"line":37,"column":12},"end":{"line":37,"column":44}},"19":{"start":{"line":38,"column":12},"end":{"line":38,"column":41}},"20":{"start":{"line":39,"column":12},"end":{"line":39,"column":40}},"21":{"start":{"line":40,"column":12},"end":{"line":40,"column":56}},"22":{"start":{"line":41,"column":12},"end":{"line":41,"column":42}},"23":{"start":{"line":42,"column":12},"end":{"line":42,"column":34}},"24":{"start":{"line":43,"column":12},"end":{"line":43,"column":34}},"25":{"start":{"line":44,"column":12},"end":{"line":44,"column":38}},"26":{"start":{"line":45,"column":12},"end":{"line":45,"column":36}},"27":{"start":{"line":46,"column":12},"end":{"line":46,"column":46}},"28":{"start":{"line":47,"column":12},"end":{"line":47,"column":36}},"29":{"start":{"line":49,"column":8},"end":{"line":49,"column":19}},"30":{"start":{"line":52,"column":8},"end":{"line":52,"column":16}},"31":{"start":{"line":53,"column":8},"end":{"line":53,"column":33}},"32":{"start":{"line":54,"column":8},"end":{"line":54,"column":25}},"33":{"start":{"line":55,"column":8},"end":{"line":55,"column":29}},"34":{"start":{"line":56,"column":8},"end":{"line":56,"column":31}},"35":{"start":{"line":57,"column":8},"end":{"line":57,"column":23}},"36":{"start":{"line":58,"column":8},"end":{"line":58,"column":23}},"37":{"start":{"line":59,"column":8},"end":{"line":59,"column":27}},"38":{"start":{"line":60,"column":8},"end":{"line":60,"column":25}},"39":{"start":{"line":61,"column":8},"end":{"line":61,"column":35}},"40":{"start":{"line":62,"column":8},"end":{"line":62,"column":25}},"41":{"start":{"line":65,"column":0},"end":{"line":65,"column":20}}},"fnMap":{"0":{"name":"isValidRoom","decl":{"start":{"line":4,"column":9},"end":{"line":4,"column":20}},"loc":{"start":{"line":4,"column":26},"end":{"line":15,"column":1}},"line":4},"1":{"name":"(anonymous_1)","decl":{"start":{"line":18,"column":4},"end":{"line":18,"column":5}},"loc":{"start":{"line":18,"column":40},"end":{"line":20,"column":5}},"line":18},"2":{"name":"(anonymous_2)","decl":{"start":{"line":21,"column":4},"end":{"line":21,"column":5}},"loc":{"start":{"line":21,"column":32},"end":{"line":50,"column":5}},"line":21},"3":{"name":"(anonymous_3)","decl":{"start":{"line":51,"column":4},"end":{"line":51,"column":5}},"loc":{"start":{"line":51,"column":89},"end":{"line":63,"column":5}},"line":51}},"branchMap":{"0":{"loc":{"start":{"line":5,"column":12},"end":{"line":14,"column":66}},"type":"binary-expr","locations":[{"start":{"line":5,"column":13},"end":{"line":5,"column":39}},{"start":{"line":5,"column":45},"end":{"line":5,"column":77}},{"start":{"line":6,"column":9},"end":{"line":6,"column":31}},{"start":{"line":6,"column":37},"end":{"line":6,"column":65}},{"start":{"line":7,"column":9},"end":{"line":7,"column":33}},{"start":{"line":7,"column":39},"end":{"line":7,"column":69}},{"start":{"line":8,"column":9},"end":{"line":8,"column":34}},{"start":{"line":8,"column":40},"end":{"line":8,"column":71}},{"start":{"line":9,"column":9},"end":{"line":9,"column":30}},{"start":{"line":9,"column":36},"end":{"line":9,"column":63}},{"start":{"line":10,"column":9},"end":{"line":10,"column":30}},{"start":{"line":10,"column":36},"end":{"line":10,"column":63}},{"start":{"line":11,"column":9},"end":{"line":11,"column":32}},{"start":{"line":11,"column":38},"end":{"line":11,"column":67}},{"start":{"line":12,"column":9},"end":{"line":12,"column":31}},{"start":{"line":12,"column":37},"end":{"line":12,"column":65}},{"start":{"line":13,"column":9},"end":{"line":13,"column":36}},{"start":{"line":13,"column":42},"end":{"line":13,"column":75}},{"start":{"line":14,"column":9},"end":{"line":14,"column":31}},{"start":{"line":14,"column":37},"end":{"line":14,"column":65}}],"line":5},"1":{"loc":{"start":{"line":23,"column":8},"end":{"line":48,"column":9}},"type":"if","locations":[{"start":{"line":23,"column":8},"end":{"line":48,"column":9}},{"start":{"line":23,"column":8},"end":{"line":48,"column":9}}],"line":23}},"s":{"0":1,"1":1,"2":1092,"3":1,"4":1092,"5":16587,"6":16587,"7":5094,"8":5094,"9":5094,"10":5094,"11":5094,"12":5094,"13":5094,"14":5094,"15":5094,"16":5094,"17":5094,"18":11493,"19":11493,"20":11493,"21":11493,"22":11493,"23":11493,"24":11493,"25":11493,"26":11493,"27":11493,"28":11493,"29":16587,"30":4373,"31":4373,"32":4373,"33":4373,"34":4373,"35":4373,"36":4373,"37":4373,"38":4373,"39":4373,"40":4373,"41":1},"f":{"0":1092,"1":1092,"2":16587,"3":4373},"b":{"0":[1092,1092,1092,1092,1092,1092,1092,1092,1092,1092,1092,1092,1092,1092,1092,1092,1092,1092,1092,1092],"1":[5094,11493]},"_coverageSchema":"332fd63041d2c1bcb487cc26dd0d5f7d97098a6c","hash":"e7e1930facdd2500ba1d9c4efbb0e2b32fd5a618","contentHash":"5db0288cf9f85429771c7847414341b8_11.3.0"},"/home/kw/Coding/CPSC310/project_team012/src/controller/SectionsParser.js":{"path":"/home/kw/Coding/CPSC310/project_team012/src/controller/SectionsParser.js","statementMap":{"0":{"start":{"line":2,"column":0},"end":{"line":2,"column":62}},"1":{"start":{"line":3,"column":18},"end":{"line":3,"column":45}},"2":{"start":{"line":4,"column":25},"end":{"line":4,"column":52}},"3":{"start":{"line":5,"column":14},"end":{"line":5,"column":30}},"4":{"start":{"line":6,"column":18},"end":{"line":6,"column":45}},"5":{"start":{"line":8,"column":4},"end":{"line":9,"column":69}},"6":{"start":{"line":11,"column":0},"end":{"line":11,"column":48}},"7":{"start":{"line":13,"column":4},"end":{"line":24,"column":77}},"8":{"start":{"line":26,"column":0},"end":{"line":26,"column":54}},"9":{"start":{"line":29,"column":8},"end":{"line":63,"column":11}},"10":{"start":{"line":30,"column":20},"end":{"line":30,"column":90}},"11":{"start":{"line":31,"column":22},"end":{"line":31,"column":33}},"12":{"start":{"line":32,"column":12},"end":{"line":62,"column":15}},"13":{"start":{"line":33,"column":35},"end":{"line":33,"column":37}},"14":{"start":{"line":34,"column":16},"end":{"line":36,"column":19}},"15":{"start":{"line":35,"column":20},"end":{"line":35,"column":58}},"16":{"start":{"line":37,"column":16},"end":{"line":37,"column":49}},"17":{"start":{"line":40,"column":16},"end":{"line":52,"column":17}},"18":{"start":{"line":41,"column":20},"end":{"line":51,"column":21}},"19":{"start":{"line":42,"column":35},"end":{"line":42,"column":50}},"20":{"start":{"line":43,"column":24},"end":{"line":48,"column":25}},"21":{"start":{"line":44,"column":43},"end":{"line":44,"column":77}},"22":{"start":{"line":45,"column":28},"end":{"line":47,"column":29}},"23":{"start":{"line":46,"column":32},"end":{"line":46,"column":51}},"24":{"start":{"line":53,"column":16},"end":{"line":58,"column":17}},"25":{"start":{"line":54,"column":20},"end":{"line":54,"column":31}},"26":{"start":{"line":57,"column":20},"end":{"line":57,"column":91}},"27":{"start":{"line":61,"column":16},"end":{"line":61,"column":99}},"28":{"start":{"line":66,"column":23},"end":{"line":66,"column":25}},"29":{"start":{"line":67,"column":21},"end":{"line":67,"column":35}},"30":{"start":{"line":68,"column":8},"end":{"line":73,"column":9}},"31":{"start":{"line":69,"column":12},"end":{"line":72,"column":13}},"32":{"start":{"line":70,"column":24},"end":{"line":70,"column":60}},"33":{"start":{"line":71,"column":16},"end":{"line":71,"column":33}},"34":{"start":{"line":74,"column":8},"end":{"line":74,"column":24}},"35":{"start":{"line":77,"column":19},"end":{"line":77,"column":31}},"36":{"start":{"line":78,"column":17},"end":{"line":78,"column":28}},"37":{"start":{"line":79,"column":18},"end":{"line":79,"column":26}},"38":{"start":{"line":80,"column":25},"end":{"line":80,"column":39}},"39":{"start":{"line":81,"column":20},"end":{"line":81,"column":30}},"40":{"start":{"line":82,"column":19},"end":{"line":82,"column":28}},"41":{"start":{"line":83,"column":19},"end":{"line":83,"column":28}},"42":{"start":{"line":84,"column":20},"end":{"line":84,"column":30}},"43":{"start":{"line":85,"column":19},"end":{"line":85,"column":26}},"44":{"start":{"line":86,"column":20},"end":{"line":86,"column":65}},"45":{"start":{"line":87,"column":8},"end":{"line":87,"column":121}},"46":{"start":{"line":90,"column":0},"end":{"line":90,"column":40}}},"fnMap":{"0":{"name":"isValidJsonFromZip","decl":{"start":{"line":7,"column":9},"end":{"line":7,"column":27}},"loc":{"start":{"line":7,"column":33},"end":{"line":10,"column":1}},"line":7},"1":{"name":"isValidSectionFromZip","decl":{"start":{"line":12,"column":9},"end":{"line":12,"column":30}},"loc":{"start":{"line":12,"column":36},"end":{"line":25,"column":1}},"line":12},"2":{"name":"(anonymous_2)","decl":{"start":{"line":28,"column":4},"end":{"line":28,"column":5}},"loc":{"start":{"line":28,"column":44},"end":{"line":64,"column":5}},"line":28},"3":{"name":"(anonymous_3)","decl":{"start":{"line":29,"column":27},"end":{"line":29,"column":28}},"loc":{"start":{"line":29,"column":48},"end":{"line":63,"column":9}},"line":29},"4":{"name":"(anonymous_4)","decl":{"start":{"line":32,"column":58},"end":{"line":32,"column":59}},"loc":{"start":{"line":32,"column":70},"end":{"line":38,"column":13}},"line":32},"5":{"name":"(anonymous_5)","decl":{"start":{"line":34,"column":49},"end":{"line":34,"column":50}},"loc":{"start":{"line":34,"column":73},"end":{"line":36,"column":17}},"line":34},"6":{"name":"(anonymous_6)","decl":{"start":{"line":39,"column":22},"end":{"line":39,"column":23}},"loc":{"start":{"line":39,"column":34},"end":{"line":59,"column":13}},"line":39},"7":{"name":"(anonymous_7)","decl":{"start":{"line":60,"column":23},"end":{"line":60,"column":24}},"loc":{"start":{"line":60,"column":32},"end":{"line":62,"column":13}},"line":60},"8":{"name":"(anonymous_8)","decl":{"start":{"line":65,"column":4},"end":{"line":65,"column":5}},"loc":{"start":{"line":65,"column":31},"end":{"line":75,"column":5}},"line":65},"9":{"name":"(anonymous_9)","decl":{"start":{"line":76,"column":4},"end":{"line":76,"column":5}},"loc":{"start":{"line":76,"column":30},"end":{"line":88,"column":5}},"line":76}},"branchMap":{"0":{"loc":{"start":{"line":8,"column":12},"end":{"line":9,"column":67}},"type":"binary-expr","locations":[{"start":{"line":8,"column":13},"end":{"line":8,"column":37}},{"start":{"line":8,"column":42},"end":{"line":8,"column":67}},{"start":{"line":9,"column":12},"end":{"line":9,"column":34}},{"start":{"line":9,"column":38},"end":{"line":9,"column":66}}],"line":8},"1":{"loc":{"start":{"line":13,"column":12},"end":{"line":24,"column":75}},"type":"binary-expr","locations":[{"start":{"line":13,"column":13},"end":{"line":13,"column":33}},{"start":{"line":13,"column":39},"end":{"line":13,"column":65}},{"start":{"line":14,"column":12},"end":{"line":14,"column":37}},{"start":{"line":14,"column":43},"end":{"line":14,"column":74}},{"start":{"line":15,"column":12},"end":{"line":15,"column":36}},{"start":{"line":15,"column":42},"end":{"line":15,"column":72}},{"start":{"line":16,"column":12},"end":{"line":16,"column":33}},{"start":{"line":16,"column":39},"end":{"line":16,"column":66}},{"start":{"line":17,"column":12},"end":{"line":17,"column":39}},{"start":{"line":17,"column":45},"end":{"line":17,"column":78}},{"start":{"line":18,"column":12},"end":{"line":18,"column":35}},{"start":{"line":18,"column":41},"end":{"line":18,"column":70}},{"start":{"line":19,"column":12},"end":{"line":19,"column":34}},{"start":{"line":19,"column":40},"end":{"line":19,"column":68}},{"start":{"line":20,"column":12},"end":{"line":20,"column":34}},{"start":{"line":20,"column":40},"end":{"line":20,"column":68}},{"start":{"line":21,"column":12},"end":{"line":21,"column":35}},{"start":{"line":21,"column":41},"end":{"line":21,"column":70}},{"start":{"line":22,"column":12},"end":{"line":22,"column":34}},{"start":{"line":22,"column":40},"end":{"line":22,"column":68}},{"start":{"line":22,"column":74},"end":{"line":22,"column":90}},{"start":{"line":23,"column":11},"end":{"line":23,"column":45}},{"start":{"line":24,"column":12},"end":{"line":24,"column":37}},{"start":{"line":24,"column":43},"end":{"line":24,"column":74}}],"line":13},"2":{"loc":{"start":{"line":43,"column":24},"end":{"line":48,"column":25}},"type":"if","locations":[{"start":{"line":43,"column":24},"end":{"line":48,"column":25}},{"start":{"line":43,"column":24},"end":{"line":48,"column":25}}],"line":43},"3":{"loc":{"start":{"line":53,"column":16},"end":{"line":58,"column":17}},"type":"if","locations":[{"start":{"line":53,"column":16},"end":{"line":58,"column":17}},{"start":{"line":53,"column":16},"end":{"line":58,"column":17}}],"line":53},"4":{"loc":{"start":{"line":69,"column":12},"end":{"line":72,"column":13}},"type":"if","locations":[{"start":{"line":69,"column":12},"end":{"line":72,"column":13}},{"start":{"line":69,"column":12},"end":{"line":72,"column":13}}],"line":69},"5":{"loc":{"start":{"line":86,"column":20},"end":{"line":86,"column":65}},"type":"cond-expr","locations":[{"start":{"line":86,"column":49},"end":{"line":86,"column":53}},{"start":{"line":86,"column":56},"end":{"line":86,"column":65}}],"line":86}},"s":{"0":1,"1":1,"2":1,"3":1,"4":1,"5":65514,"6":1,"7":712862,"8":1,"9":24,"10":24,"11":24,"12":24,"13":21,"14":21,"15":65519,"16":21,"17":21,"18":65519,"19":65519,"20":65514,"21":65513,"22":65513,"23":712861,"24":21,"25":15,"26":6,"27":3,"28":65513,"29":65513,"30":65513,"31":712862,"32":712861,"33":712861,"34":65513,"35":712861,"36":712861,"37":712861,"38":712861,"39":712861,"40":712861,"41":712861,"42":712861,"43":712861,"44":712861,"45":712861,"46":1},"f":{"0":65514,"1":712862,"2":24,"3":24,"4":21,"5":65519,"6":21,"7":3,"8":65513,"9":712861},"b":{"0":[65514,65514,65514,65513],"1":[712862,712862,712862,712862,712862,712862,712862,712862,712862,712862,712862,712862,712862,712862,712862,712862,712862,712862,712862,712862,712862,712861,712861,712861],"2":[65513,1],"3":[15,6],"4":[712861,1],"5":[271715,441146]},"_coverageSchema":"332fd63041d2c1bcb487cc26dd0d5f7d97098a6c","hash":"d1a49ce3bdbe2e77011609855657207dceff623f","contentHash":"d66d5bc34d418f3fa7b9895f5c535caa_11.3.0"},"/home/kw/Coding/CPSC310/project_team012/src/controller/BuildingsParser.js":{"path":"/home/kw/Coding/CPSC310/project_team012/src/controller/BuildingsParser.js","statementMap":{"0":{"start":{"line":2,"column":0},"end":{"line":2,"column":62}},"1":{"start":{"line":3,"column":18},"end":{"line":3,"column":45}},"2":{"start":{"line":4,"column":25},"end":{"line":4,"column":52}},"3":{"start":{"line":5,"column":14},"end":{"line":5,"column":30}},"4":{"start":{"line":6,"column":22},"end":{"line":6,"column":53}},"5":{"start":{"line":7,"column":22},"end":{"line":7,"column":46}},"6":{"start":{"line":8,"column":25},"end":{"line":8,"column":52}},"7":{"start":{"line":9,"column":23},"end":{"line":9,"column":69}},"8":{"start":{"line":10,"column":22},"end":{"line":10,"column":67}},"9":{"start":{"line":11,"column":23},"end":{"line":11,"column":54}},"10":{"start":{"line":12,"column":25},"end":{"line":12,"column":73}},"11":{"start":{"line":13,"column":25},"end":{"line":13,"column":58}},"12":{"start":{"line":14,"column":0},"end":{"line":16,"column":23}},"13":{"start":{"line":19,"column":8},"end":{"line":51,"column":11}},"14":{"start":{"line":20,"column":20},"end":{"line":20,"column":88}},"15":{"start":{"line":21,"column":12},"end":{"line":21,"column":46}},"16":{"start":{"line":22,"column":12},"end":{"line":50,"column":15}},"17":{"start":{"line":23,"column":26},"end":{"line":23,"column":48}},"18":{"start":{"line":24,"column":31},"end":{"line":24,"column":52}},"19":{"start":{"line":25,"column":16},"end":{"line":49,"column":17}},"20":{"start":{"line":26,"column":20},"end":{"line":45,"column":23}},"21":{"start":{"line":27,"column":24},"end":{"line":27,"column":69}},"22":{"start":{"line":29,"column":24},"end":{"line":31,"column":25}},"23":{"start":{"line":30,"column":28},"end":{"line":30,"column":44}},"24":{"start":{"line":32,"column":24},"end":{"line":37,"column":25}},"25":{"start":{"line":33,"column":28},"end":{"line":33,"column":39}},"26":{"start":{"line":36,"column":28},"end":{"line":36,"column":99}},"27":{"start":{"line":39,"column":24},"end":{"line":44,"column":25}},"28":{"start":{"line":40,"column":28},"end":{"line":40,"column":42}},"29":{"start":{"line":43,"column":28},"end":{"line":43,"column":77}},"30":{"start":{"line":48,"column":20},"end":{"line":48,"column":84}},"31":{"start":{"line":54,"column":8},"end":{"line":71,"column":11}},"32":{"start":{"line":55,"column":25},"end":{"line":55,"column":42}},"33":{"start":{"line":56,"column":23},"end":{"line":56,"column":42}},"34":{"start":{"line":57,"column":25},"end":{"line":57,"column":67}},"35":{"start":{"line":58,"column":29},"end":{"line":58,"column":33}},"36":{"start":{"line":59,"column":12},"end":{"line":64,"column":13}},"37":{"start":{"line":60,"column":16},"end":{"line":63,"column":17}},"38":{"start":{"line":61,"column":20},"end":{"line":61,"column":39}},"39":{"start":{"line":62,"column":20},"end":{"line":62,"column":26}},"40":{"start":{"line":65,"column":12},"end":{"line":67,"column":13}},"41":{"start":{"line":66,"column":16},"end":{"line":66,"column":80}},"42":{"start":{"line":68,"column":12},"end":{"line":70,"column":15}},"43":{"start":{"line":69,"column":16},"end":{"line":69,"column":32}},"44":{"start":{"line":74,"column":8},"end":{"line":76,"column":9}},"45":{"start":{"line":75,"column":12},"end":{"line":75,"column":22}},"46":{"start":{"line":77,"column":21},"end":{"line":77,"column":23}},"47":{"start":{"line":78,"column":8},"end":{"line":83,"column":9}},"48":{"start":{"line":79,"column":12},"end":{"line":81,"column":13}},"49":{"start":{"line":80,"column":16},"end":{"line":80,"column":30}},"50":{"start":{"line":82,"column":12},"end":{"line":82,"column":68}},"51":{"start":{"line":84,"column":8},"end":{"line":84,"column":22}},"52":{"start":{"line":87,"column":8},"end":{"line":105,"column":11}},"53":{"start":{"line":88,"column":24},"end":{"line":88,"column":71}},"54":{"start":{"line":89,"column":12},"end":{"line":91,"column":13}},"55":{"start":{"line":90,"column":16},"end":{"line":90,"column":81}},"56":{"start":{"line":92,"column":31},"end":{"line":92,"column":33}},"57":{"start":{"line":93,"column":12},"end":{"line":97,"column":13}},"58":{"start":{"line":94,"column":16},"end":{"line":96,"column":17}},"59":{"start":{"line":95,"column":20},"end":{"line":95,"column":75}},"60":{"start":{"line":98,"column":12},"end":{"line":104,"column":15}},"61":{"start":{"line":99,"column":29},"end":{"line":99,"column":31}},"62":{"start":{"line":100,"column":16},"end":{"line":102,"column":17}},"63":{"start":{"line":101,"column":20},"end":{"line":101,"column":50}},"64":{"start":{"line":103,"column":16},"end":{"line":103,"column":32}},"65":{"start":{"line":108,"column":8},"end":{"line":134,"column":11}},"66":{"start":{"line":109,"column":12},"end":{"line":133,"column":15}},"67":{"start":{"line":110,"column":16},"end":{"line":112,"column":17}},"68":{"start":{"line":111,"column":20},"end":{"line":111,"column":32}},"69":{"start":{"line":113,"column":16},"end":{"line":132,"column":19}},"70":{"start":{"line":114,"column":33},"end":{"line":114,"column":50}},"71":{"start":{"line":115,"column":31},"end":{"line":115,"column":49}},"72":{"start":{"line":116,"column":33},"end":{"line":116,"column":75}},"73":{"start":{"line":117,"column":37},"end":{"line":117,"column":41}},"74":{"start":{"line":118,"column":20},"end":{"line":123,"column":21}},"75":{"start":{"line":119,"column":24},"end":{"line":122,"column":25}},"76":{"start":{"line":120,"column":28},"end":{"line":120,"column":47}},"77":{"start":{"line":121,"column":28},"end":{"line":121,"column":34}},"78":{"start":{"line":124,"column":20},"end":{"line":126,"column":21}},"79":{"start":{"line":125,"column":24},"end":{"line":125,"column":36}},"80":{"start":{"line":127,"column":20},"end":{"line":127,"column":86}},"81":{"start":{"line":129,"column":20},"end":{"line":129,"column":35}},"82":{"start":{"line":131,"column":20},"end":{"line":131,"column":32}},"83":{"start":{"line":137,"column":8},"end":{"line":146,"column":11}},"84":{"start":{"line":138,"column":23},"end":{"line":138,"column":61}},"85":{"start":{"line":139,"column":12},"end":{"line":142,"column":13}},"86":{"start":{"line":140,"column":16},"end":{"line":140,"column":78}},"87":{"start":{"line":141,"column":16},"end":{"line":141,"column":23}},"88":{"start":{"line":143,"column":12},"end":{"line":145,"column":15}},"89":{"start":{"line":144,"column":16},"end":{"line":144,"column":32}},"90":{"start":{"line":149,"column":8},"end":{"line":190,"column":11}},"91":{"start":{"line":151,"column":12},"end":{"line":175,"column":13}},"92":{"start":{"line":152,"column":16},"end":{"line":174,"column":17}},"93":{"start":{"line":153,"column":20},"end":{"line":173,"column":21}},"94":{"start":{"line":155,"column":24},"end":{"line":157,"column":25}},"95":{"start":{"line":156,"column":28},"end":{"line":156,"column":51}},"96":{"start":{"line":158,"column":24},"end":{"line":172,"column":25}},"97":{"start":{"line":160,"column":32},"end":{"line":160,"column":64}},"98":{"start":{"line":161,"column":32},"end":{"line":161,"column":38}},"99":{"start":{"line":163,"column":50},"end":{"line":163,"column":88}},"100":{"start":{"line":164,"column":32},"end":{"line":164,"column":82}},"101":{"start":{"line":165,"column":32},"end":{"line":165,"column":62}},"102":{"start":{"line":166,"column":32},"end":{"line":166,"column":38}},"103":{"start":{"line":168,"column":32},"end":{"line":168,"column":67}},"104":{"start":{"line":169,"column":32},"end":{"line":169,"column":38}},"105":{"start":{"line":171,"column":32},"end":{"line":171,"column":38}},"106":{"start":{"line":176,"column":12},"end":{"line":178,"column":13}},"107":{"start":{"line":177,"column":16},"end":{"line":177,"column":35}},"108":{"start":{"line":179,"column":12},"end":{"line":189,"column":15}},"109":{"start":{"line":180,"column":16},"end":{"line":182,"column":17}},"110":{"start":{"line":181,"column":20},"end":{"line":181,"column":39}},"111":{"start":{"line":183,"column":31},"end":{"line":185,"column":17}},"112":{"start":{"line":186,"column":16},"end":{"line":186,"column":34}},"113":{"start":{"line":188,"column":16},"end":{"line":188,"column":35}},"114":{"start":{"line":193,"column":8},"end":{"line":197,"column":9}},"115":{"start":{"line":194,"column":12},"end":{"line":196,"column":13}},"116":{"start":{"line":195,"column":16},"end":{"line":195,"column":42}},"117":{"start":{"line":198,"column":8},"end":{"line":198,"column":18}},"118":{"start":{"line":201,"column":22},"end":{"line":201,"column":26}},"119":{"start":{"line":202,"column":8},"end":{"line":207,"column":9}},"120":{"start":{"line":203,"column":12},"end":{"line":206,"column":13}},"121":{"start":{"line":204,"column":16},"end":{"line":204,"column":31}},"122":{"start":{"line":205,"column":16},"end":{"line":205,"column":22}},"123":{"start":{"line":209,"column":8},"end":{"line":214,"column":9}},"124":{"start":{"line":210,"column":12},"end":{"line":213,"column":13}},"125":{"start":{"line":211,"column":16},"end":{"line":211,"column":33}},"126":{"start":{"line":212,"column":16},"end":{"line":212,"column":22}},"127":{"start":{"line":215,"column":8},"end":{"line":215,"column":44}},"128":{"start":{"line":216,"column":8},"end":{"line":216,"column":28}},"129":{"start":{"line":219,"column":0},"end":{"line":219,"column":42}}},"fnMap":{"0":{"name":"(anonymous_0)","decl":{"start":{"line":18,"column":4},"end":{"line":18,"column":5}},"loc":{"start":{"line":18,"column":42},"end":{"line":52,"column":5}},"line":18},"1":{"name":"(anonymous_1)","decl":{"start":{"line":19,"column":27},"end":{"line":19,"column":28}},"loc":{"start":{"line":19,"column":48},"end":{"line":51,"column":9}},"line":19},"2":{"name":"(anonymous_2)","decl":{"start":{"line":22,"column":74},"end":{"line":22,"column":75}},"loc":{"start":{"line":22,"column":86},"end":{"line":50,"column":13}},"line":22},"3":{"name":"(anonymous_3)","decl":{"start":{"line":26,"column":48},"end":{"line":26,"column":49}},"loc":{"start":{"line":26,"column":60},"end":{"line":28,"column":21}},"line":26},"4":{"name":"(anonymous_4)","decl":{"start":{"line":28,"column":28},"end":{"line":28,"column":29}},"loc":{"start":{"line":28,"column":39},"end":{"line":38,"column":21}},"line":28},"5":{"name":"(anonymous_5)","decl":{"start":{"line":38,"column":29},"end":{"line":38,"column":30}},"loc":{"start":{"line":38,"column":40},"end":{"line":45,"column":21}},"line":38},"6":{"name":"(anonymous_6)","decl":{"start":{"line":53,"column":4},"end":{"line":53,"column":5}},"loc":{"start":{"line":53,"column":32},"end":{"line":72,"column":5}},"line":53},"7":{"name":"(anonymous_7)","decl":{"start":{"line":54,"column":27},"end":{"line":54,"column":28}},"loc":{"start":{"line":54,"column":48},"end":{"line":71,"column":9}},"line":54},"8":{"name":"(anonymous_8)","decl":{"start":{"line":68,"column":45},"end":{"line":68,"column":46}},"loc":{"start":{"line":68,"column":57},"end":{"line":70,"column":13}},"line":68},"9":{"name":"(anonymous_9)","decl":{"start":{"line":73,"column":4},"end":{"line":73,"column":5}},"loc":{"start":{"line":73,"column":38},"end":{"line":85,"column":5}},"line":73},"10":{"name":"(anonymous_10)","decl":{"start":{"line":86,"column":4},"end":{"line":86,"column":5}},"loc":{"start":{"line":86,"column":29},"end":{"line":106,"column":5}},"line":86},"11":{"name":"(anonymous_11)","decl":{"start":{"line":87,"column":27},"end":{"line":87,"column":28}},"loc":{"start":{"line":87,"column":48},"end":{"line":105,"column":9}},"line":87},"12":{"name":"(anonymous_12)","decl":{"start":{"line":98,"column":43},"end":{"line":98,"column":44}},"loc":{"start":{"line":98,"column":55},"end":{"line":104,"column":13}},"line":98},"13":{"name":"(anonymous_13)","decl":{"start":{"line":107,"column":4},"end":{"line":107,"column":5}},"loc":{"start":{"line":107,"column":35},"end":{"line":135,"column":5}},"line":107},"14":{"name":"(anonymous_14)","decl":{"start":{"line":108,"column":27},"end":{"line":108,"column":28}},"loc":{"start":{"line":108,"column":48},"end":{"line":134,"column":9}},"line":108},"15":{"name":"(anonymous_15)","decl":{"start":{"line":109,"column":65},"end":{"line":109,"column":66}},"loc":{"start":{"line":109,"column":79},"end":{"line":133,"column":13}},"line":109},"16":{"name":"(anonymous_16)","decl":{"start":{"line":113,"column":56},"end":{"line":113,"column":57}},"loc":{"start":{"line":113,"column":66},"end":{"line":128,"column":17}},"line":113},"17":{"name":"(anonymous_17)","decl":{"start":{"line":128,"column":24},"end":{"line":128,"column":25}},"loc":{"start":{"line":128,"column":35},"end":{"line":130,"column":17}},"line":128},"18":{"name":"(anonymous_18)","decl":{"start":{"line":130,"column":25},"end":{"line":130,"column":26}},"loc":{"start":{"line":130,"column":34},"end":{"line":132,"column":17}},"line":130},"19":{"name":"(anonymous_19)","decl":{"start":{"line":136,"column":4},"end":{"line":136,"column":5}},"loc":{"start":{"line":136,"column":30},"end":{"line":147,"column":5}},"line":136},"20":{"name":"(anonymous_20)","decl":{"start":{"line":137,"column":27},"end":{"line":137,"column":28}},"loc":{"start":{"line":137,"column":48},"end":{"line":146,"column":9}},"line":137},"21":{"name":"(anonymous_21)","decl":{"start":{"line":143,"column":36},"end":{"line":143,"column":37}},"loc":{"start":{"line":143,"column":48},"end":{"line":145,"column":13}},"line":143},"22":{"name":"(anonymous_22)","decl":{"start":{"line":148,"column":4},"end":{"line":148,"column":5}},"loc":{"start":{"line":148,"column":43},"end":{"line":191,"column":5}},"line":148},"23":{"name":"(anonymous_23)","decl":{"start":{"line":149,"column":27},"end":{"line":149,"column":28}},"loc":{"start":{"line":149,"column":48},"end":{"line":190,"column":9}},"line":149},"24":{"name":"(anonymous_24)","decl":{"start":{"line":179,"column":50},"end":{"line":179,"column":51}},"loc":{"start":{"line":179,"column":62},"end":{"line":187,"column":13}},"line":179},"25":{"name":"(anonymous_25)","decl":{"start":{"line":187,"column":21},"end":{"line":187,"column":22}},"loc":{"start":{"line":187,"column":32},"end":{"line":189,"column":13}},"line":187},"26":{"name":"(anonymous_26)","decl":{"start":{"line":192,"column":4},"end":{"line":192,"column":5}},"loc":{"start":{"line":192,"column":31},"end":{"line":199,"column":5}},"line":192},"27":{"name":"(anonymous_27)","decl":{"start":{"line":200,"column":4},"end":{"line":200,"column":5}},"loc":{"start":{"line":200,"column":32},"end":{"line":217,"column":5}},"line":200}},"branchMap":{"0":{"loc":{"start":{"line":25,"column":16},"end":{"line":49,"column":17}},"type":"if","locations":[{"start":{"line":25,"column":16},"end":{"line":49,"column":17}},{"start":{"line":25,"column":16},"end":{"line":49,"column":17}}],"line":25},"1":{"loc":{"start":{"line":32,"column":24},"end":{"line":37,"column":25}},"type":"if","locations":[{"start":{"line":32,"column":24},"end":{"line":37,"column":25}},{"start":{"line":32,"column":24},"end":{"line":37,"column":25}}],"line":32},"2":{"loc":{"start":{"line":39,"column":24},"end":{"line":44,"column":25}},"type":"if","locations":[{"start":{"line":39,"column":24},"end":{"line":44,"column":25}},{"start":{"line":39,"column":24},"end":{"line":44,"column":25}}],"line":39},"3":{"loc":{"start":{"line":60,"column":16},"end":{"line":63,"column":17}},"type":"if","locations":[{"start":{"line":60,"column":16},"end":{"line":63,"column":17}},{"start":{"line":60,"column":16},"end":{"line":63,"column":17}}],"line":60},"4":{"loc":{"start":{"line":65,"column":12},"end":{"line":67,"column":13}},"type":"if","locations":[{"start":{"line":65,"column":12},"end":{"line":67,"column":13}},{"start":{"line":65,"column":12},"end":{"line":67,"column":13}}],"line":65},"5":{"loc":{"start":{"line":74,"column":8},"end":{"line":76,"column":9}},"type":"if","locations":[{"start":{"line":74,"column":8},"end":{"line":76,"column":9}},{"start":{"line":74,"column":8},"end":{"line":76,"column":9}}],"line":74},"6":{"loc":{"start":{"line":79,"column":12},"end":{"line":81,"column":13}},"type":"if","locations":[{"start":{"line":79,"column":12},"end":{"line":81,"column":13}},{"start":{"line":79,"column":12},"end":{"line":81,"column":13}}],"line":79},"7":{"loc":{"start":{"line":89,"column":12},"end":{"line":91,"column":13}},"type":"if","locations":[{"start":{"line":89,"column":12},"end":{"line":91,"column":13}},{"start":{"line":89,"column":12},"end":{"line":91,"column":13}}],"line":89},"8":{"loc":{"start":{"line":94,"column":16},"end":{"line":96,"column":17}},"type":"if","locations":[{"start":{"line":94,"column":16},"end":{"line":96,"column":17}},{"start":{"line":94,"column":16},"end":{"line":96,"column":17}}],"line":94},"9":{"loc":{"start":{"line":110,"column":16},"end":{"line":112,"column":17}},"type":"if","locations":[{"start":{"line":110,"column":16},"end":{"line":112,"column":17}},{"start":{"line":110,"column":16},"end":{"line":112,"column":17}}],"line":110},"10":{"loc":{"start":{"line":119,"column":24},"end":{"line":122,"column":25}},"type":"if","locations":[{"start":{"line":119,"column":24},"end":{"line":122,"column":25}},{"start":{"line":119,"column":24},"end":{"line":122,"column":25}}],"line":119},"11":{"loc":{"start":{"line":124,"column":20},"end":{"line":126,"column":21}},"type":"if","locations":[{"start":{"line":124,"column":20},"end":{"line":126,"column":21}},{"start":{"line":124,"column":20},"end":{"line":126,"column":21}}],"line":124},"12":{"loc":{"start":{"line":139,"column":12},"end":{"line":142,"column":13}},"type":"if","locations":[{"start":{"line":139,"column":12},"end":{"line":142,"column":13}},{"start":{"line":139,"column":12},"end":{"line":142,"column":13}}],"line":139},"13":{"loc":{"start":{"line":152,"column":16},"end":{"line":174,"column":17}},"type":"if","locations":[{"start":{"line":152,"column":16},"end":{"line":174,"column":17}},{"start":{"line":152,"column":16},"end":{"line":174,"column":17}}],"line":152},"14":{"loc":{"start":{"line":155,"column":24},"end":{"line":157,"column":25}},"type":"if","locations":[{"start":{"line":155,"column":24},"end":{"line":157,"column":25}},{"start":{"line":155,"column":24},"end":{"line":157,"column":25}}],"line":155},"15":{"loc":{"start":{"line":158,"column":24},"end":{"line":172,"column":25}},"type":"switch","locations":[{"start":{"line":159,"column":28},"end":{"line":161,"column":38}},{"start":{"line":162,"column":28},"end":{"line":166,"column":38}},{"start":{"line":167,"column":28},"end":{"line":169,"column":38}},{"start":{"line":170,"column":28},"end":{"line":171,"column":38}}],"line":158},"16":{"loc":{"start":{"line":176,"column":12},"end":{"line":178,"column":13}},"type":"if","locations":[{"start":{"line":176,"column":12},"end":{"line":178,"column":13}},{"start":{"line":176,"column":12},"end":{"line":178,"column":13}}],"line":176},"17":{"loc":{"start":{"line":176,"column":16},"end":{"line":176,"column":103}},"type":"binary-expr","locations":[{"start":{"line":176,"column":16},"end":{"line":176,"column":34}},{"start":{"line":176,"column":38},"end":{"line":176,"column":57}},{"start":{"line":176,"column":61},"end":{"line":176,"column":82}},{"start":{"line":176,"column":86},"end":{"line":176,"column":103}}],"line":176},"18":{"loc":{"start":{"line":180,"column":16},"end":{"line":182,"column":17}},"type":"if","locations":[{"start":{"line":180,"column":16},"end":{"line":182,"column":17}},{"start":{"line":180,"column":16},"end":{"line":182,"column":17}}],"line":180},"19":{"loc":{"start":{"line":194,"column":12},"end":{"line":196,"column":13}},"type":"if","locations":[{"start":{"line":194,"column":12},"end":{"line":196,"column":13}},{"start":{"line":194,"column":12},"end":{"line":196,"column":13}}],"line":194},"20":{"loc":{"start":{"line":203,"column":12},"end":{"line":206,"column":13}},"type":"if","locations":[{"start":{"line":203,"column":12},"end":{"line":206,"column":13}},{"start":{"line":203,"column":12},"end":{"line":206,"column":13}}],"line":203},"21":{"loc":{"start":{"line":210,"column":12},"end":{"line":213,"column":13}},"type":"if","locations":[{"start":{"line":210,"column":12},"end":{"line":213,"column":13}},{"start":{"line":210,"column":12},"end":{"line":213,"column":13}}],"line":210}},"s":{"0":1,"1":1,"2":1,"3":1,"4":1,"5":1,"6":1,"7":1,"8":1,"9":1,"10":1,"11":1,"12":1,"13":21,"14":21,"15":21,"16":21,"17":21,"18":21,"19":21,"20":18,"21":18,"22":12,"23":3279,"24":12,"25":10,"26":2,"27":6,"28":6,"29":0,"30":3,"31":18,"32":18,"33":18,"34":18,"35":18,"36":18,"37":17,"38":12,"39":12,"40":18,"41":6,"42":12,"43":12,"44":1197392,"45":575734,"46":621658,"47":621658,"48":1197120,"49":414,"50":1196706,"51":621244,"52":12,"53":12,"54":12,"55":0,"56":12,"57":12,"58":1788,"59":888,"60":12,"61":12,"62":12,"63":888,"64":12,"65":888,"66":888,"67":888,"68":0,"69":888,"70":668,"71":668,"72":668,"73":668,"74":668,"75":397,"76":397,"77":397,"78":668,"79":271,"80":668,"81":668,"82":220,"83":888,"84":888,"85":888,"86":220,"87":220,"88":668,"89":668,"90":888,"91":888,"92":9768,"93":4440,"94":4440,"95":4440,"96":4440,"97":888,"98":888,"99":888,"100":888,"101":888,"102":888,"103":888,"104":888,"105":1776,"106":888,"107":0,"108":888,"109":888,"110":0,"111":888,"112":888,"113":0,"114":12506,"115":12505,"116":12505,"117":1,"118":4169,"119":4169,"120":8338,"121":4169,"122":4169,"123":4169,"124":4169,"125":4169,"126":4169,"127":4169,"128":4169,"129":1},"f":{"0":21,"1":21,"2":21,"3":18,"4":12,"5":6,"6":18,"7":18,"8":12,"9":1197392,"10":12,"11":12,"12":12,"13":888,"14":888,"15":888,"16":668,"17":668,"18":220,"19":888,"20":888,"21":668,"22":888,"23":888,"24":888,"25":0,"26":12506,"27":4169},"b":{"0":[18,3],"1":[10,2],"2":[6,0],"3":[12,5],"4":[6,12],"5":[575734,621658],"6":[414,1196706],"7":[0,12],"8":[888,900],"9":[0,888],"10":[397,0],"11":[271,397],"12":[220,668],"13":[4440,5328],"14":[4440,0],"15":[888,888,888,1776],"16":[0,888],"17":[888,888,888,888],"18":[0,888],"19":[12505,0],"20":[4169,4169],"21":[4169,0]},"_coverageSchema":"332fd63041d2c1bcb487cc26dd0d5f7d97098a6c","hash":"f3f05e593318d5e1529dfa6f20599cf187df61a3","contentHash":"3408920197a3dd67ee3700b00d46bd7a_11.3.0"},"/home/kw/Coding/CPSC310/project_team012/src/model/GeoResponse.js":{"path":"/home/kw/Coding/CPSC310/project_team012/src/model/GeoResponse.js","statementMap":{"0":{"start":{"line":2,"column":0},"end":{"line":2,"column":62}},"1":{"start":{"line":3,"column":13},"end":{"line":3,"column":28}},"2":{"start":{"line":4,"column":25},"end":{"line":4,"column":64}},"3":{"start":{"line":6,"column":4},"end":{"line":7,"column":69}},"4":{"start":{"line":9,"column":0},"end":{"line":9,"column":38}},"5":{"start":{"line":11,"column":4},"end":{"line":40,"column":7}},"6":{"start":{"line":12,"column":20},"end":{"line":12,"column":83}},"7":{"start":{"line":13,"column":25},"end":{"line":13,"column":43}},"8":{"start":{"line":14,"column":22},"end":{"line":36,"column":10}},"9":{"start":{"line":15,"column":12},"end":{"line":17,"column":13}},"10":{"start":{"line":16,"column":16},"end":{"line":16,"column":88}},"11":{"start":{"line":18,"column":26},"end":{"line":18,"column":28}},"12":{"start":{"line":19,"column":12},"end":{"line":21,"column":15}},"13":{"start":{"line":20,"column":16},"end":{"line":20,"column":33}},"14":{"start":{"line":22,"column":12},"end":{"line":35,"column":15}},"15":{"start":{"line":23,"column":16},"end":{"line":34,"column":17}},"16":{"start":{"line":24,"column":39},"end":{"line":24,"column":58}},"17":{"start":{"line":25,"column":20},"end":{"line":30,"column":21}},"18":{"start":{"line":26,"column":24},"end":{"line":26,"column":44}},"19":{"start":{"line":29,"column":24},"end":{"line":29,"column":78}},"20":{"start":{"line":33,"column":20},"end":{"line":33,"column":73}},"21":{"start":{"line":37,"column":8},"end":{"line":39,"column":11}},"22":{"start":{"line":38,"column":12},"end":{"line":38,"column":67}},"23":{"start":{"line":42,"column":0},"end":{"line":42,"column":30}}},"fnMap":{"0":{"name":"isGeoResponse","decl":{"start":{"line":5,"column":9},"end":{"line":5,"column":22}},"loc":{"start":{"line":5,"column":31},"end":{"line":8,"column":1}},"line":5},"1":{"name":"getLatLon","decl":{"start":{"line":10,"column":9},"end":{"line":10,"column":18}},"loc":{"start":{"line":10,"column":28},"end":{"line":41,"column":1}},"line":10},"2":{"name":"(anonymous_2)","decl":{"start":{"line":11,"column":23},"end":{"line":11,"column":24}},"loc":{"start":{"line":11,"column":44},"end":{"line":40,"column":5}},"line":11},"3":{"name":"(anonymous_3)","decl":{"start":{"line":14,"column":49},"end":{"line":14,"column":50}},"loc":{"start":{"line":14,"column":63},"end":{"line":36,"column":9}},"line":14},"4":{"name":"(anonymous_4)","decl":{"start":{"line":19,"column":32},"end":{"line":19,"column":33}},"loc":{"start":{"line":19,"column":43},"end":{"line":21,"column":13}},"line":19},"5":{"name":"(anonymous_5)","decl":{"start":{"line":22,"column":31},"end":{"line":22,"column":32}},"loc":{"start":{"line":22,"column":37},"end":{"line":35,"column":13}},"line":22},"6":{"name":"(anonymous_6)","decl":{"start":{"line":37,"column":34},"end":{"line":37,"column":35}},"loc":{"start":{"line":37,"column":40},"end":{"line":39,"column":9}},"line":37}},"branchMap":{"0":{"loc":{"start":{"line":6,"column":11},"end":{"line":7,"column":68}},"type":"binary-expr","locations":[{"start":{"line":6,"column":12},"end":{"line":6,"column":27}},{"start":{"line":6,"column":31},"end":{"line":6,"column":46}},{"start":{"line":6,"column":50},"end":{"line":6,"column":70}},{"start":{"line":7,"column":9},"end":{"line":7,"column":26}},{"start":{"line":7,"column":30},"end":{"line":7,"column":67}}],"line":6},"1":{"loc":{"start":{"line":7,"column":32},"end":{"line":7,"column":66}},"type":"binary-expr","locations":[{"start":{"line":7,"column":32},"end":{"line":7,"column":47}},{"start":{"line":7,"column":51},"end":{"line":7,"column":66}}],"line":7},"2":{"loc":{"start":{"line":15,"column":12},"end":{"line":17,"column":13}},"type":"if","locations":[{"start":{"line":15,"column":12},"end":{"line":17,"column":13}},{"start":{"line":15,"column":12},"end":{"line":17,"column":13}}],"line":15},"3":{"loc":{"start":{"line":25,"column":20},"end":{"line":30,"column":21}},"type":"if","locations":[{"start":{"line":25,"column":20},"end":{"line":30,"column":21}},{"start":{"line":25,"column":20},"end":{"line":30,"column":21}}],"line":25}},"s":{"0":1,"1":1,"2":1,"3":892,"4":1,"5":892,"6":892,"7":892,"8":892,"9":892,"10":3,"11":892,"12":892,"13":892,"14":892,"15":892,"16":892,"17":892,"18":890,"19":2,"20":2,"21":892,"22":0,"23":1},"f":{"0":892,"1":892,"2":892,"3":892,"4":892,"5":892,"6":0},"b":{"0":[892,889,889,3,1],"1":[1,0],"2":[3,889],"3":[890,2]},"_coverageSchema":"332fd63041d2c1bcb487cc26dd0d5f7d97098a6c","hash":"08669c2e3399d97eb8031486b63886fa21ea1aa2","contentHash":"b55019221193c1bd769f091b9b245905_11.3.0"},"/home/kw/Coding/CPSC310/project_team012/src/controller/RoomsParser.js":{"path":"/home/kw/Coding/CPSC310/project_team012/src/controller/RoomsParser.js","statementMap":{"0":{"start":{"line":2,"column":0},"end":{"line":2,"column":62}},"1":{"start":{"line":3,"column":15},"end":{"line":3,"column":39}},"2":{"start":{"line":4,"column":25},"end":{"line":4,"column":52}},"3":{"start":{"line":5,"column":26},"end":{"line":5,"column":54}},"4":{"start":{"line":6,"column":20},"end":{"line":6,"column":63}},"5":{"start":{"line":7,"column":22},"end":{"line":7,"column":67}},"6":{"start":{"line":8,"column":27},"end":{"line":8,"column":73}},"7":{"start":{"line":9,"column":22},"end":{"line":9,"column":63}},"8":{"start":{"line":10,"column":21},"end":{"line":10,"column":54}},"9":{"start":{"line":11,"column":0},"end":{"line":12,"column":54}},"10":{"start":{"line":15,"column":8},"end":{"line":32,"column":11}},"11":{"start":{"line":16,"column":24},"end":{"line":16,"column":71}},"12":{"start":{"line":17,"column":12},"end":{"line":19,"column":13}},"13":{"start":{"line":18,"column":16},"end":{"line":18,"column":28}},"14":{"start":{"line":20,"column":31},"end":{"line":20,"column":33}},"15":{"start":{"line":21,"column":12},"end":{"line":25,"column":13}},"16":{"start":{"line":22,"column":16},"end":{"line":24,"column":17}},"17":{"start":{"line":23,"column":20},"end":{"line":23,"column":81}},"18":{"start":{"line":26,"column":12},"end":{"line":31,"column":15}},"19":{"start":{"line":27,"column":37},"end":{"line":27,"column":80}},"20":{"start":{"line":27,"column":61},"end":{"line":27,"column":79}},"21":{"start":{"line":28,"column":16},"end":{"line":28,"column":40}},"22":{"start":{"line":30,"column":16},"end":{"line":30,"column":28}},"23":{"start":{"line":35,"column":8},"end":{"line":77,"column":11}},"24":{"start":{"line":41,"column":12},"end":{"line":68,"column":13}},"25":{"start":{"line":42,"column":16},"end":{"line":67,"column":17}},"26":{"start":{"line":43,"column":20},"end":{"line":66,"column":21}},"27":{"start":{"line":45,"column":24},"end":{"line":47,"column":25}},"28":{"start":{"line":46,"column":28},"end":{"line":46,"column":51}},"29":{"start":{"line":48,"column":24},"end":{"line":65,"column":25}},"30":{"start":{"line":50,"column":44},"end":{"line":50,"column":100}},"31":{"start":{"line":51,"column":32},"end":{"line":51,"column":48}},"32":{"start":{"line":52,"column":32},"end":{"line":52,"column":50}},"33":{"start":{"line":53,"column":32},"end":{"line":53,"column":38}},"34":{"start":{"line":55,"column":32},"end":{"line":55,"column":93}},"35":{"start":{"line":56,"column":32},"end":{"line":56,"column":38}},"36":{"start":{"line":58,"column":32},"end":{"line":58,"column":89}},"37":{"start":{"line":59,"column":32},"end":{"line":59,"column":38}},"38":{"start":{"line":61,"column":32},"end":{"line":61,"column":98}},"39":{"start":{"line":62,"column":32},"end":{"line":62,"column":38}},"40":{"start":{"line":64,"column":32},"end":{"line":64,"column":38}},"41":{"start":{"line":69,"column":12},"end":{"line":72,"column":13}},"42":{"start":{"line":71,"column":16},"end":{"line":71,"column":35}},"43":{"start":{"line":73,"column":12},"end":{"line":75,"column":13}},"44":{"start":{"line":74,"column":16},"end":{"line":74,"column":29}},"45":{"start":{"line":76,"column":12},"end":{"line":76,"column":175}},"46":{"start":{"line":80,"column":0},"end":{"line":80,"column":34}}},"fnMap":{"0":{"name":"(anonymous_0)","decl":{"start":{"line":14,"column":4},"end":{"line":14,"column":5}},"loc":{"start":{"line":14,"column":43},"end":{"line":33,"column":5}},"line":14},"1":{"name":"(anonymous_1)","decl":{"start":{"line":15,"column":27},"end":{"line":15,"column":28}},"loc":{"start":{"line":15,"column":48},"end":{"line":32,"column":9}},"line":15},"2":{"name":"(anonymous_2)","decl":{"start":{"line":26,"column":43},"end":{"line":26,"column":44}},"loc":{"start":{"line":26,"column":55},"end":{"line":29,"column":13}},"line":26},"3":{"name":"(anonymous_3)","decl":{"start":{"line":27,"column":51},"end":{"line":27,"column":52}},"loc":{"start":{"line":27,"column":61},"end":{"line":27,"column":79}},"line":27},"4":{"name":"(anonymous_4)","decl":{"start":{"line":29,"column":21},"end":{"line":29,"column":22}},"loc":{"start":{"line":29,"column":32},"end":{"line":31,"column":13}},"line":29},"5":{"name":"(anonymous_5)","decl":{"start":{"line":34,"column":4},"end":{"line":34,"column":5}},"loc":{"start":{"line":34,"column":45},"end":{"line":78,"column":5}},"line":34},"6":{"name":"(anonymous_6)","decl":{"start":{"line":35,"column":27},"end":{"line":35,"column":28}},"loc":{"start":{"line":35,"column":48},"end":{"line":77,"column":9}},"line":35}},"branchMap":{"0":{"loc":{"start":{"line":17,"column":12},"end":{"line":19,"column":13}},"type":"if","locations":[{"start":{"line":17,"column":12},"end":{"line":19,"column":13}},{"start":{"line":17,"column":12},"end":{"line":19,"column":13}}],"line":17},"1":{"loc":{"start":{"line":22,"column":16},"end":{"line":24,"column":17}},"type":"if","locations":[{"start":{"line":22,"column":16},"end":{"line":24,"column":17}},{"start":{"line":22,"column":16},"end":{"line":24,"column":17}}],"line":22},"2":{"loc":{"start":{"line":42,"column":16},"end":{"line":67,"column":17}},"type":"if","locations":[{"start":{"line":42,"column":16},"end":{"line":67,"column":17}},{"start":{"line":42,"column":16},"end":{"line":67,"column":17}}],"line":42},"3":{"loc":{"start":{"line":45,"column":24},"end":{"line":47,"column":25}},"type":"if","locations":[{"start":{"line":45,"column":24},"end":{"line":47,"column":25}},{"start":{"line":45,"column":24},"end":{"line":47,"column":25}}],"line":45},"4":{"loc":{"start":{"line":48,"column":24},"end":{"line":65,"column":25}},"type":"switch","locations":[{"start":{"line":49,"column":28},"end":{"line":53,"column":38}},{"start":{"line":54,"column":28},"end":{"line":56,"column":38}},{"start":{"line":57,"column":28},"end":{"line":59,"column":38}},{"start":{"line":60,"column":28},"end":{"line":62,"column":38}},{"start":{"line":63,"column":28},"end":{"line":64,"column":38}}],"line":48},"5":{"loc":{"start":{"line":69,"column":12},"end":{"line":72,"column":13}},"type":"if","locations":[{"start":{"line":69,"column":12},"end":{"line":72,"column":13}},{"start":{"line":69,"column":12},"end":{"line":72,"column":13}}],"line":69},"6":{"loc":{"start":{"line":69,"column":16},"end":{"line":70,"column":38}},"type":"binary-expr","locations":[{"start":{"line":69,"column":16},"end":{"line":69,"column":36}},{"start":{"line":69,"column":40},"end":{"li
[...]
},"loc":{"start":{"line":26,"column":21},"end":{"line":32,"column":5}},"line":26},"5":{"name":"(anonymous_5)","decl":{"start":{"line":33,"column":4},"end":{"line":33,"column":5}},"loc":{"start":{"line":33,"column":26},"end":{"line":35,"column":5}},"line":33},"6":{"name":"(anonymous_6)","decl":{"start":{"line":36,"column":4},"end":{"line":36,"column":5}},"loc":{"start":{"line":36,"column":37},"end":{"line":42,"column":5}},"line":36}},"branchMap":{"0":{"loc":{"start":{"line":16,"column":8},"end":{"line":18,"column":9}},"type":"if","locations":[{"start":{"line":16,"column":8},"end":{"line":18,"column":9}},{"start":{"line":16,"column":8},"end":{"line":18,"column":9}}],"line":16},"1":{"loc":{"start":{"line":16,"column":12},"end":{"line":16,"column":75}},"type":"binary-expr","locations":[{"start":{"line":16,"column":12},"end":{"line":16,"column":26}},{"start":{"line":16,"column":30},"end":{"line":16,"column":75}}],"line":16},"2":{"loc":{"start":{"line":37,"column":8},"end":{"line":41,"column":9}},"type":"if","locations":[{"start":{"line":37,"column":8},"end":{"line":41,"column":9}},{"start":{"line":37,"column":8},"end":{"line":41,"column":9}}],"line":37}},"s":{"0":1,"1":1,"2":30,"3":30,"4":30,"5":30,"6":30,"7":30,"8":30,"9":30,"10":8,"11":8,"12":22,"13":8,"14":14,"15":14,"16":8,"17":14,"18":7,"19":18,"20":18,"21":47,"22":1},"f":{"0":30,"1":8,"2":22,"3":8,"4":14,"5":7,"6":18},"b":{"0":[8,0],"1":[8,8],"2":[18,0]},"_coverageSchema":"332fd63041d2c1bcb487cc26dd0d5f7d97098a6c","hash":"c365e1d906e8cd0b1427cf962f626d1a1d79cf12","contentHash":"3fe15dc9f1ffb762b40645850f0b0336_11.3.0"},"/home/kw/Coding/CPSC310/project_team012/src/scheduler/Haversine.js":{"path":"/home/kw/Coding/CPSC310/project_team012/src/scheduler/Haversine.js","statementMap":{"0":{"start":{"line":2,"column":0},"end":{"line":2,"column":62}},"1":{"start":{"line":5,"column":19},"end":{"line":5,"column":25}},"2":{"start":{"line":6,"column":19},"end":{"line":6,"column":25}},"3":{"start":{"line":7,"column":19},"end":{"line":7,"column":25}},"4":{"start":{"line":8,"column":19},"end":{"line":8,"column":25}},"5":{"start":{"line":9,"column":18},"end":{"line":9,"column":25}},"6":{"start":{"line":10,"column":19},"end":{"line":10,"column":49}},"7":{"start":{"line":11,"column":19},"end":{"line":11,"column":49}},"8":{"start":{"line":12,"column":16},"end":{"line":14,"column":55}},"9":{"start":{"line":15,"column":16},"end":{"line":15,"column":62}},"10":{"start":{"line":16,"column":8},"end":{"line":16,"column":34}},"11":{"start":{"line":19,"column":8},"end":{"line":19,"column":37}},"12":{"start":{"line":22,"column":0},"end":{"line":22,"column":28}}},"fnMap":{"0":{"name":"(anonymous_0)","decl":{"start":{"line":4,"column":4},"end":{"line":4,"column":5}},"loc":{"start":{"line":4,"column":49},"end":{"line":17,"column":5}},"line":4},"1":{"name":"(anonymous_1)","decl":{"start":{"line":18,"column":4},"end":{"line":18,"column":5}},"loc":{"start":{"line":18,"column":24},"end":{"line":20,"column":5}},"line":18}},"branchMap":{},"s":{"0":1,"1":51,"2":51,"3":51,"4":51,"5":51,"6":51,"7":51,"8":51,"9":51,"10":51,"11":204,"12":1},"f":{"0":51,"1":204},"b":{},"_coverageSchema":"332fd63041d2c1bcb487cc26dd0d5f7d97098a6c","hash":"49f9343fed0bc9ccfdf709bb9c46b37847598d2e","contentHash":"bdbd3e198f53d5a1d029b6169ffc9204_11.3.0"},"/home/kw/Coding/CPSC310/project_team012/src/scheduler/GoodnessCalculator.js":{"path":"/home/kw/Coding/CPSC310/project_team012/src/scheduler/GoodnessCalculator.js","statementMap":{"0":{"start":{"line":2,"column":0},"end":{"line":2,"column":62}},"1":{"start":{"line":3,"column":16},"end":{"line":3,"column":34}},"2":{"start":{"line":6,"column":34},"end":{"line":6,"column":91}},"3":{"start":{"line":7,"column":30},"end":{"line":7,"column":83}},"4":{"start":{"line":8,"column":26},"end":{"line":8,"column":76}},"5":{"start":{"line":9,"column":18},"end":{"line":9,"column":55}},"6":{"start":{"line":10,"column":18},"end":{"line":10,"column":36}},"7":{"start":{"line":11,"column":8},"end":{"line":11,"column":45}},"8":{"start":{"line":14,"column":18},"end":{"line":14,"column":20}},"9":{"start":{"line":15,"column":8},"end":{"line":20,"column":9}},"10":{"start":{"line":16,"column":23},"end":{"line":16,"column":29}},"11":{"start":{"line":17,"column":24},"end":{"line":17,"column":47}},"12":{"start":{"line":18,"column":12},"end":{"line":18,"column":51}},"13":{"start":{"line":19,"column":12},"end":{"line":19,"column":61}},"14":{"start":{"line":21,"column":8},"end":{"line":21,"column":19}},"15":{"start":{"line":24,"column":20},"end":{"line":24,"column":21}},"16":{"start":{"line":25,"column":8},"end":{"line":27,"column":9}},"17":{"start":{"line":26,"column":12},"end":{"line":26,"column":91}},"18":{"start":{"line":28,"column":8},"end":{"line":28,"column":21}},"19":{"start":{"line":31,"column":20},"end":{"line":31,"column":21}},"20":{"start":{"line":32,"column":8},"end":{"line":35,"column":9}},"21":{"start":{"line":33,"column":22},"end":{"line":33,"column":30}},"22":{"start":{"line":34,"column":12},"end":{"line":34,"column":79}},"23":{"start":{"line":36,"column":8},"end":{"line":36,"column":21}},"24":{"start":{"line":39,"column":0},"end":{"line":39,"column":48}}},"fnMap":{"0":{"name":"(anonymous_0)","decl":{"start":{"line":5,"column":4},"end":{"line":5,"column":5}},"loc":{"start":{"line":5,"column":53},"end":{"line":12,"column":5}},"line":5},"1":{"name":"(anonymous_1)","decl":{"start":{"line":13,"column":4},"end":{"line":13,"column":5}},"loc":{"start":{"line":13,"column":43},"end":{"line":22,"column":5}},"line":13},"2":{"name":"(anonymous_2)","decl":{"start":{"line":23,"column":4},"end":{"line":23,"column":5}},"loc":{"start":{"line":23,"column":50},"end":{"line":29,"column":5}},"line":23},"3":{"name":"(anonymous_3)","decl":{"start":{"line":30,"column":4},"end":{"line":30,"column":5}},"loc":{"start":{"line":30,"column":46},"end":{"line":37,"column":5}},"line":30}},"branchMap":{},"s":{"0":1,"1":1,"2":1,"3":1,"4":1,"5":1,"6":1,"7":1,"8":1,"9":1,"10":1,"11":1,"12":1,"13":1,"14":1,"15":1,"16":1,"17":4,"18":1,"19":1,"20":1,"21":1,"22":1,"23":1,"24":1},"f":{"0":1,"1":1,"2":1,"3":1},"b":{},"_coverageSchema":"332fd63041d2c1bcb487cc26dd0d5f7d97098a6c","hash":"6bc2cbde2c9dde9832ec1873e15adfdd4b551f5e","contentHash":"805cbb7293bff642de8f42a179884a77_11.3.0"},"/home/kw/Coding/CPSC310/project_team012/src/rest/Server.js":{"path":"/home/kw/Coding/CPSC310/project_team012/src/rest/Server.js","statementMap":{"0":{"start":{"line":2,"column":0},"end":{"line":2,"column":62}},"1":{"start":{"line":3,"column":11},"end":{"line":3,"column":24}},"2":{"start":{"line":4,"column":16},"end":{"line":4,"column":34}},"3":{"start":{"line":5,"column":15},"end":{"line":5,"column":33}},"4":{"start":{"line":6,"column":24},"end":{"line":6,"column":62}},"5":{"start":{"line":7,"column":25},"end":{"line":7,"column":64}},"6":{"start":{"line":10,"column":8},"end":{"line":10,"column":62}},"7":{"start":{"line":11,"column":8},"end":{"line":11,"column":25}},"8":{"start":{"line":14,"column":8},"end":{"line":14,"column":47}},"9":{"start":{"line":15,"column":21},"end":{"line":15,"column":25}},"10":{"start":{"line":16,"column":8},"end":{"line":20,"column":11}},"11":{"start":{"line":17,"column":12},"end":{"line":19,"column":15}},"12":{"start":{"line":18,"column":16},"end":{"line":18,"column":30}},"13":{"start":{"line":23,"column":21},"end":{"line":23,"column":25}},"14":{"start":{"line":24,"column":8},"end":{"line":24,"column":61}},"15":{"start":{"line":25,"column":8},"end":{"line":56,"column":11}},"16":{"start":{"line":26,"column":12},"end":{"line":55,"column":13}},"17":{"start":{"line":27,"column":16},"end":{"line":27,"column":63}},"18":{"start":{"line":28,"column":16},"end":{"line":30,"column":19}},"19":{"start":{"line":31,"column":16},"end":{"line":31,"column":87}},"20":{"start":{"line":32,"column":16},"end":{"line":36,"column":19}},"21":{"start":{"line":33,"column":20},"end":{"line":33,"column":67}},"22":{"start":{"line":34,"column":20},"end":{"line":34,"column":83}},"23":{"start":{"line":35,"column":20},"end":{"line":35,"column":34}},"24":{"start":{"line":37,"column":16},"end":{"line":37,"column":57}},"25":{"start":{"line":38,"column":16},"end":{"line":38,"column":63}},"26":{"start":{"line":39,"column":16},"end":{"line":39,"column":68}},"27":{"start":{"line":40,"column":16},"end":{"line":40,"column":62}},"28":{"start":{"line":41,"column":16},"end":{"line":41,"column":71}},"29":{"start":{"line":42,"column":16},"end":{"line":42,"column":55}},"30":{"start":{"line":43,"column":16},"end":{"line":46,"column":19}},"31":{"start":{"line":44,"column":20},"end":{"line":44,"column":97}},"32":{"start":{"line":45,"column":20},"end":{"line":45,"column":34}},"33":{"start":{"line":47,"column":16},"end":{"line":50,"column":19}},"34":{"start":{"line":48,"column":20},"end":{"line":48,"column":83}},"35":{"start":{"line":49,"column":20},"end":{"line":49,"column":32}},"36":{"start":{"line":53,"column":16},"end":{"line":53,"column":72}},"37":{"start":{"line":54,"column":16},"end":{"line":54,"column":28}},"38":{"start":{"line":59,"column":8},"end":{"line":59,"column":89}},"39":{"start":{"line":60,"column":8},"end":{"line":68,"column":9}},"40":{"start":{"line":61,"column":29},"end":{"line":61,"column":63}},"41":{"start":{"line":62,"column":12},"end":{"line":62,"column":72}},"42":{"start":{"line":63,"column":12},"end":{"line":63,"column":48}},"43":{"start":{"line":66,"column":12},"end":{"line":66,"column":70}},"44":{"start":{"line":67,"column":12},"end":{"line":67,"column":42}},"45":{"start":{"line":69,"column":8},"end":{"line":69,"column":22}},"46":{"start":{"line":72,"column":8},"end":{"line":77,"column":9}},"47":{"start":{"line":73,"column":12},"end":{"line":73,"column":37}},"48":{"start":{"line":76,"column":12},"end":{"line":76,"column":42}},"49":{"start":{"line":80,"column":26},"end":{"line":80,"column":44}},"50":{"start":{"line":81,"column":8},"end":{"line":81,"column":67}},"51":{"start":{"line":82,"column":19},"end":{"line":82,"column":43}},"52":{"start":{"line":83,"column":8},"end":{"line":85,"column":9}},"53":{"start":{"line":84,"column":12},"end":{"line":84,"column":56}},"54":{"start":{"line":86,"column":8},"end":{"line":95,"column":11}},"55":{"start":{"line":87,"column":12},"end":{"line":91,"column":13}},"56":{"start":{"line":88,"column":16},"end":{"line":88,"column":30}},"57":{"start":{"line":89,"column":16},"end":{"line":89,"column":58}},"58":{"start":{"line":90,"column":16},"end":{"line":90,"column":30}},"59":{"start":{"line":92,"column":12},"end":{"line":92,"column":28}},"60":{"start":{"line":93,"column":12},"end":{"line":93,"column":22}},"61":{"start":{"line":94,"column":12},"end":{"line":94,"column":26}},"62":{"start":{"line":98,"column":8},"end":{"line":104,"column":11}},"63":{"start":{"line":99,"column":12},"end":{"line":99,"column":46}},"64":{"start":{"line":100,"column":12},"end":{"line":100,"column":26}},"65":{"start":{"line":102,"column":12},"end":{"line":102,"column":50}},"66":{"start":{"line":103,"column":12},"end":{"line":103,"column":26}},"67":{"start":{"line":107,"column":17},"end":{"line":107,"column":30}},"68":{"start":{"line":108,"column":8},"end":{"line":122,"column":11}},"69":{"start":{"line":109,"column":12},"end":{"line":109,"column":46}},"70":{"start":{"line":110,"column":12},"end":{"line":110,"column":26}},"71":{"start":{"line":112,"column":12},"end":{"line":120,"column":13}},"72":{"start":{"line":113,"column":16},"end":{"line":113,"column":54}},"73":{"start":{"line":115,"column":17},"end":{"line":120,"column":13}},"74":{"start":{"line":116,"column":16},"end":{"line":116,"column":54}},"75":{"start":{"line":119,"column":16},"end":{"line":119,"column":54}},"76":{"start":{"line":121,"column":12},"end":{"line":121,"column":26}},"77":{"start":{"line":125,"column":20},"end":{"line":125,"column":28}},"78":{"start":{"line":126,"column":8},"end":{"line":132,"column":11}},"79":{"start":{"line":127,"column":12},"end":{"line":127,"column":46}},"80":{"start":{"line":128,"column":12},"end":{"line":128,"column":26}},"81":{"start":{"line":130,"column":12},"end":{"line":130,"column":50}},"82":{"start":{"line":131,"column":12},"end":{"line":131,"column":26}},"83":{"start":{"line":135,"column":18},"end":{"line":135,"column":39}},"84":{"start":{"line":136,"column":18},"end":{"line":136,"column":40}},"85":{"start":{"line":137,"column":21},"end":{"line":137,"column":31}},"86":{"start":{"line":138,"column":19},"end":{"line":138,"column":33}},"87":{"start":{"line":139,"column":24},"end":{"line":139,"column":36}},"88":{"start":{"line":140,"column":8},"end":{"line":145,"column":11}},"89":{"start":{"line":141,"column":12},"end":{"line":141,"column":46}},"90":{"start":{"line":142,"column":12},"end":{"line":142,"column":26}},"91":{"start":{"line":144,"column":12},"end":{"line":144,"column":52}},"92":{"start":{"line":146,"column":8},"end":{"line":146,"column":22}},"93":{"start":{"line":149,"column":0},"end":{"line":149,"column":25}}},"fnMap":{"0":{"name":"(anonymous_0)","decl":{"start":{"line":9,"column":4},"end":{"line":9,"column":5}},"loc":{"start":{"line":9,"column":22},"end":{"line":12,"column":5}},"line":9},"1":{"name":"(anonymous_1)","decl":{"start":{"line":13,"column":4},"end":{"line":13,"column":5}},"loc":{"start":{"line":13,"column":11},"end":{"line":21,"column":5}},"line":13},"2":{"name":"(anonymous_2)","decl":{"start":{"line":16,"column":27},"end":{"line":16,"column":28}},"loc":{"start":{"line":16,"column":46},"end":{"line":20,"column":9}},"line":16},"3":{"name":"(anonymous_3)","decl":{"start":{"line":17,"column":28},"end":{"line":17,"column":29}},"loc":{"start":{"line":17,"column":40},"end":{"line":19,"column":13}},"line":17},"4":{"name":"(anonymous_4)","decl":{"start":{"line":22,"column":4},"end":{"line":22,"column":5}},"loc":{"start":{"line":22,"column":12},"end":{"line":57,"column":5}},"line":22},"5":{"name":"(anonymous_5)","decl":{"start":{"line":25,"column":27},"end":{"line":25,"column":28}},"loc":{"start":{"line":25,"column":54},"end":{"line":56,"column":9}},"line":25},"6":{"name":"crossOrigin","decl":{"start":{"line":32,"column":39},"end":{"line":32,"column":50}},"loc":{"start":{"line":32,"column":67},"end":{"line":36,"column":17}},"line":32},"7":{"name":"(anonymous_7)","decl":{"start":{"line":43,"column":44},"end":{"line":43,"column":45}},"loc":{"start":{"line":43,"column":56},"end":{"line":46,"column":17}},"line":43},"8":{"name":"(anonymous_8)","decl":{"start":{"line":47,"column":38},"end":{"line":47,"column":39}},"loc":{"start":{"line":47,"column":53},"end":{"line":50,"column":17}},"line":47},"9":{"name":"(anonymous_9)","decl":{"start":{"line":58,"column":4},"end":{"line":58,"column":5}},"loc":{"start":{"line":58,"column":32},"end":{"line":70,"column":5}},"line":58},"10":{"name":"(anonymous_10)","decl":{"start":{"line":71,"column":4},"end":{"line":71,"column":5}},"loc":{"start":{"line":71,"column":28},"end":{"line":78,"column":5}},"line":71},"11":{"name":"(anonymous_11)","decl":{"start":{"line":79,"column":4},"end":{"line":79,"column":5}},"loc":{"start":{"line":79,"column":37},"end":{"line":96,"column":5}},"line":79},"12":{"name":"(anonymous_12)","decl":{"start":{"line":86,"column":26},"end":{"line":86,"column":27}},"loc":{"start":{"line":86,"column":47},"end":{"line":95,"column":9}},"line":86},"13":{"name":"(anonymous_13)","decl":{"start":{"line":97,"column":4},"end":{"line":97,"column":5}},"loc":{"start":{"line":97,"column":39},"end":{"line":105,"column":5}},"line":97},"14":{"name":"(anonymous_14)","decl":{"start":{"line":98,"column":49},"end":{"line":98,"column":50}},"loc":{"start":{"line":98,"column":61},"end":{"line":101,"column":9}},"line":98},"15":{"name":"(anonymous_15)","decl":{"start":{"line":101,"column":17},"end":{"line":101,"column":18}},"loc":{"start":{"line":101,"column":26},"end":{"line":104,"column":9}},"line":101},"16":{"name":"(anonymous_16)","decl":{"start":{"line":106,"column":4},"end":{"line":106,"column":5}},"loc":{"start":{"line":106,"column":41},"end":{"line":123,"column":5}},"line":106},"17":{"name":"(anonymous_17)","decl":{"start":{"line":108,"column":52},"end":{"line":108,"column":53}},"loc":{"start":{"line":108,"column":64},"end":{"line":111,"column":9}},"line":108},"18":{"name":"(anonymous_18)","decl":{"start":{"line":111,"column":17},"end":{"line":111,"column":18}},"loc":{"start":{"line":111,"column":26},"end":{"line":122,"column":9}},"line":111},"19":{"name":"(anonymous_19)","decl":{"start":{"line":124,"column":4},"end":{"line":124,"column":5}},"loc":{"start":{"line":124,"column":40},"end":{"line":133,"column":5}},"line":124},"20":{"name":"(anonymous_20)","decl":{"start":{"line":126,"column":54},"end":{"line":126,"column":55}},"loc":{"start":{"line":126,"column":66},"end":{"line":129,"column":9}},"line":126},"21":{"name":"(anonymous_21)","decl":{"start":{"line":129,"column":17},"end":{"line":129,"column":18}},"loc":{"start":{"line":129,"column":26},"end":{"line":132,"column":9}},"line":129},"22":{"name":"(anonymous_22)","decl":{"start":{"line":134,"column":4},"end":{"line":134,"column":5}},"loc":{"start":{"line":134,"column":38},"end":{"line":147,"column":5}},"line":134},"23":{"name":"(anonymous_23)","decl":{"start":{"line":140,"column":67},"end":{"line":140,"column":68}},"loc":{"start":{"line":140,"column":79},"end":{"line":143,"column":9}},"line":140},"24":{"name":"(anonymous_24)","decl":{"start":{"line":143,"column":17},"end":{"line":143,"column":18}},"loc":{"start":{"line":143,"column":28},"end":{"line":145,"column":9}},"line":143}},"branchMap":{"0":{"loc":{"start":{"line":72,"column":8},"end":{"line":77,"column":9}},"type":"if","locations":[{"start":{"line":72,"column":8},"end":{"line":77,"column":9}},{"start":{"line":72,"column":8},"end":{"line":77,"column":9}}],"line":72},"1":{"loc":{"start":{"line":72,"column":12},"end":{"line":72,"column":54}},"type":"binary-expr","locations":[{"start":{"line":72,"column":12},"end":{"line":72,"column":38}},{"start":{"line":72,"column":42},"end":{"line":72,"column":54}}],"line":72},"2":{"loc":{"start":{"line":83,"column":8},"end":{"line":85,"column":9}},"type":"if","locations":[{"start":{"line":83,"column":8},"end":{"line":85,"column":9}},{"start":{"line":83,"column":8},"end":{"line":85,"column":9}}],"line":83},"3":{"loc":{"start":{"line":87,"column":12},"end":{"line":91,"column":13}},"type":"if","locations":[{"start":{"line":87,"column":12},"end":{"line":91,"column":13}},{"start":{"line":87,"column":12},"end":{"line":91,"column":13}}],"line":87},"4":{"loc":{"start":{"line":112,"column":12},"end":{"line":120,"column":13}},"type":"if","locations":[{"start":{"line":112,"column":12},"end":{"line":120,"column":13}},{"start":{"line":112,"column":12},"end":{"line":120,"column":13}}],"line":112},"5":{"loc":{"start":{"line":115,"column":17},"end":{"line":120,"column":13}},"type":"if","locations":[{"start":{"line":115,"column":17},"end":{"line":120,"column":13}},{"start":{"line":115,"column":17},"end":{"line":120,"column":13}}],"line":115}},"s":{"0":1,"1":1,"2":1,"3":1,"4":1,"5":1,"6":1,"7":1,"8":2,"9":2,"10":2,"11":2,"12":2,"13":2,"14":2,"15":2,"16":2,"17":2,"18":2,"19":2,"20":2,"21":20,"22":20,"23":20,"24":2,"25":2,"26":2,"27":2,"28":2,"29":2,"30":2,"31":2,"32":2,"33":2,"34":0,"35":0,"36":0,"37":0,"38":2,"39":2,"40":2,"41":2,"42":2,"43":0,"44":0,"45":2,"46":2,"47":2,"48":0,"49":2,"50":2,"51":2,"52":2,"53":1,"54":2,"55":2,"56":1,"57":1,"58":1,"59":1,"60":1,"61":1,"62":1,"63":1,"64":1,"65":0,"66":0,"67":3,"68":3,"69":1,"70":1,"71":2,"72":1,"73":1,"74":1,"75":0,"76":2,"77":4,"78":4,"79":3,"80":3,"81":1,"82":1,"83":8,"84":8,"85":8,"86":8,"87":8,"88":8,"89":6,"90":6,"91":2,"92":8,"93":1},"f":{"0":1,"1":2,"2":2,"3":2,"4":2,"5":2,"6":20,"7":2,"8":0,"9":2,"10":2,"11":2,"12":2,"13":1,"14":1,"15":0,"16":3,"17":1,"18":2,"19":4,"20":3,"21":1,"22":8,"23":6,"24":2},"b":{"0":[2,0],"1":[2,2],"2":[1,1],"3":[1,1],"4":[1,1],"5":[1,0]},"_coverageSchema":"332fd63041d2c1bcb487cc26dd0d5f7d97098a6c","hash":"2c2e9b7afb8ff213168d1308f47dd0d34f5f5973","contentHash":"6426ea0bf46ddbd1ea47a8e69bebea03_11.3.0"}}